  DayAndNight.cpp
E:\SP_Project-master\SP_Project-master\SP_Game\character.h(8,60): warning C4305: 'initializing': truncation from 'double' to 'float'
E:\SP_Project-master\SP_Project-master\SP_Game\character.h(9,54): warning C4305: 'initializing': truncation from 'double' to 'float'
E:\SP_Project-master\SP_Project-master\SP_Game\character.h(13,19): warning C4244: 'initializing': conversion from 'double' to 'float', possible loss of data
E:\SP_Project-master\SP_Project-master\SP_Game\character.h(17,52): warning C4305: 'initializing': truncation from 'double' to 'float'
E:\SP_Project-master\SP_Project-master\SP_Game\character.h(36,26): warning C4305: 'argument': truncation from 'double' to 'T'
          with
          [
              T=float
          ]
E:\SP_Project-master\SP_Project-master\SP_Game\character.h(36,21): warning C4305: 'argument': truncation from 'double' to 'T'
          with
          [
              T=float
          ]
E:\SP_Project-master\SP_Project-master\SP_Game\character.h(46,32): warning C4244: 'initializing': conversion from 'T' to 'const int', possible loss of data
          with
          [
              T=float
          ]
E:\SP_Project-master\SP_Project-master\SP_Game\character.h(48,30): warning C4244: 'initializing': conversion from 'T' to 'const int', possible loss of data
          with
          [
              T=float
          ]
E:\SP_Project-master\SP_Project-master\SP_Game\character.h(50,28): warning C4244: 'initializing': conversion from 'T' to 'const int', possible loss of data
          with
          [
              T=float
          ]
E:\SP_Project-master\SP_Project-master\SP_Game\character.h(52,31): warning C4244: 'initializing': conversion from 'T' to 'const int', possible loss of data
          with
          [
              T=float
          ]
E:\SP_Project-master\SP_Project-master\SP_Game\character.h(54,26): warning C4244: 'initializing': conversion from 'T' to 'const int', possible loss of data
          with
          [
              T=float
          ]
E:\SP_Project-master\SP_Project-master\SP_Game\character.h(57,38): warning C4244: 'initializing': conversion from 'T' to 'int', possible loss of data
          with
          [
              T=float
          ]
E:\SP_Project-master\SP_Project-master\SP_Game\character.h(59,37): warning C4244: 'initializing': conversion from 'T' to 'int', possible loss of data
          with
          [
              T=float
          ]
E:\SP_Project-master\SP_Project-master\SP_Game\character.h(61,35): warning C4244: 'initializing': conversion from 'T' to 'int', possible loss of data
          with
          [
              T=float
          ]
E:\SP_Project-master\SP_Project-master\SP_Game\character.h(63,37): warning C4244: 'initializing': conversion from 'T' to 'int', possible loss of data
          with
          [
              T=float
          ]
E:\SP_Project-master\SP_Project-master\SP_Game\Enemies.h(8,19): warning C4305: 'initializing': truncation from 'double' to 'float'
E:\SP_Project-master\SP_Project-master\SP_Game\DayAndNight.h(8,22): warning C4305: 'initializing': truncation from 'double' to 'float'
E:\SP_Project-master\SP_Project-master\SP_Game\DayAndNight.h(8,44): warning C4305: 'initializing': truncation from 'double' to 'float'
  Editor.cpp
E:\SP_Project-master\SP_Project-master\SP_Game\Map.h(2,10): warning C4067: unexpected tokens following preprocessor directive - expected a newline
E:\SP_Project-master\SP_Project-master\SP_Game\character.h(8,60): warning C4305: 'initializing': truncation from 'double' to 'float'
E:\SP_Project-master\SP_Project-master\SP_Game\character.h(9,54): warning C4305: 'initializing': truncation from 'double' to 'float'
E:\SP_Project-master\SP_Project-master\SP_Game\character.h(13,19): warning C4244: 'initializing': conversion from 'double' to 'float', possible loss of data
E:\SP_Project-master\SP_Project-master\SP_Game\character.h(17,52): warning C4305: 'initializing': truncation from 'double' to 'float'
E:\SP_Project-master\SP_Project-master\SP_Game\character.h(36,26): warning C4305: 'argument': truncation from 'double' to 'T'
          with
          [
              T=float
          ]
E:\SP_Project-master\SP_Project-master\SP_Game\character.h(36,21): warning C4305: 'argument': truncation from 'double' to 'T'
          with
          [
              T=float
          ]
E:\SP_Project-master\SP_Project-master\SP_Game\character.h(46,32): warning C4244: 'initializing': conversion from 'T' to 'const int', possible loss of data
          with
          [
              T=float
          ]
E:\SP_Project-master\SP_Project-master\SP_Game\character.h(48,30): warning C4244: 'initializing': conversion from 'T' to 'const int', possible loss of data
          with
          [
              T=float
          ]
E:\SP_Project-master\SP_Project-master\SP_Game\character.h(50,28): warning C4244: 'initializing': conversion from 'T' to 'const int', possible loss of data
          with
          [
              T=float
          ]
E:\SP_Project-master\SP_Project-master\SP_Game\character.h(52,31): warning C4244: 'initializing': conversion from 'T' to 'const int', possible loss of data
          with
          [
              T=float
          ]
E:\SP_Project-master\SP_Project-master\SP_Game\character.h(54,26): warning C4244: 'initializing': conversion from 'T' to 'const int', possible loss of data
          with
          [
              T=float
          ]
E:\SP_Project-master\SP_Project-master\SP_Game\character.h(57,38): warning C4244: 'initializing': conversion from 'T' to 'int', possible loss of data
          with
          [
              T=float
          ]
E:\SP_Project-master\SP_Project-master\SP_Game\character.h(59,37): warning C4244: 'initializing': conversion from 'T' to 'int', possible loss of data
          with
          [
              T=float
          ]
E:\SP_Project-master\SP_Project-master\SP_Game\character.h(61,35): warning C4244: 'initializing': conversion from 'T' to 'int', possible loss of data
          with
          [
              T=float
          ]
E:\SP_Project-master\SP_Project-master\SP_Game\character.h(63,37): warning C4244: 'initializing': conversion from 'T' to 'int', possible loss of data
          with
          [
              T=float
          ]
E:\SP_Project-master\SP_Project-master\SP_Game\Enemies.h(8,19): warning C4305: 'initializing': truncation from 'double' to 'float'
E:\SP_Project-master\SP_Project-master\SP_Game\GameScenes.h(11,24): warning C4305: 'initializing': truncation from 'double' to 'float'
E:\SP_Project-master\SP_Project-master\SP_Game\GameScenes.h(12,28): warning C4305: 'initializing': truncation from 'double' to 'float'
E:\SP_Project-master\SP_Project-master\SP_Game\GameScenes.h(21,20): warning C4305: 'initializing': truncation from 'double' to 'float'
E:\SP_Project-master\SP_Project-master\SP_Game\DayAndNight.h(8,22): warning C4305: 'initializing': truncation from 'double' to 'float'
E:\SP_Project-master\SP_Project-master\SP_Game\DayAndNight.h(8,44): warning C4305: 'initializing': truncation from 'double' to 'float'
E:\SP_Project-master\SP_Project-master\SP_Game\Editor.cpp(6,87): warning C4244: 'argument': conversion from 'float' to 'int', possible loss of data
E:\SP_Project-master\SP_Project-master\SP_Game\Editor.cpp(35,83): warning C4244: 'argument': conversion from 'double' to 'T', possible loss of data
          with
          [
              T=float
          ]
E:\SP_Project-master\SP_Project-master\SP_Game\Editor.cpp(35,56): warning C4244: 'argument': conversion from 'double' to 'T', possible loss of data
          with
          [
              T=float
          ]
E:\SP_Project-master\SP_Project-master\SP_Game\Editor.cpp(36,87): warning C4244: 'argument': conversion from 'double' to 'T', possible loss of data
          with
          [
              T=float
          ]
E:\SP_Project-master\SP_Project-master\SP_Game\Editor.cpp(36,60): warning C4244: 'argument': conversion from 'double' to 'T', possible loss of data
          with
          [
              T=float
          ]
E:\SP_Project-master\SP_Project-master\SP_Game\Editor.cpp(37,144): warning C4244: 'argument': conversion from 'double' to 'float', possible loss of data
E:\SP_Project-master\SP_Project-master\SP_Game\Editor.cpp(37,108): warning C4244: 'argument': conversion from 'double' to 'float', possible loss of data
E:\SP_Project-master\SP_Project-master\SP_Game\Editor.cpp(38,148): warning C4244: 'argument': conversion from 'double' to 'float', possible loss of data
E:\SP_Project-master\SP_Project-master\SP_Game\Editor.cpp(38,112): warning C4244: 'argument': conversion from 'double' to 'float', possible loss of data
E:\SP_Project-master\SP_Project-master\SP_Game\Editor.cpp(39,144): warning C4244: 'argument': conversion from 'double' to 'float', possible loss of data
E:\SP_Project-master\SP_Project-master\SP_Game\Editor.cpp(39,108): warning C4244: 'argument': conversion from 'double' to 'float', possible loss of data
E:\SP_Project-master\SP_Project-master\SP_Game\Editor.cpp(40,144): warning C4244: 'argument': conversion from 'double' to 'float', possible loss of data
E:\SP_Project-master\SP_Project-master\SP_Game\Editor.cpp(40,108): warning C4244: 'argument': conversion from 'double' to 'float', possible loss of data
E:\SP_Project-master\SP_Project-master\SP_Game\Editor.cpp(55,8): warning C4018: '<': signed/unsigned mismatch
E:\SP_Project-master\SP_Project-master\SP_Game\Editor.cpp(55,44): warning C4018: '<': signed/unsigned mismatch
E:\SP_Project-master\SP_Project-master\SP_Game\Editor.cpp(130,10): warning C4244: '=': conversion from 'const _Ty' to 'int', possible loss of data
          with
          [
              _Ty=float
          ]
E:\SP_Project-master\SP_Project-master\SP_Game\Editor.cpp(131,11): warning C4244: '=': conversion from 'const _Ty' to 'int', possible loss of data
          with
          [
              _Ty=float
          ]
E:\SP_Project-master\SP_Project-master\SP_Game\Editor.cpp(132,10): warning C4244: '=': conversion from 'const _Ty' to 'int', possible loss of data
          with
          [
              _Ty=float
          ]
E:\SP_Project-master\SP_Project-master\SP_Game\Editor.cpp(133,10): warning C4244: '=': conversion from 'const _Ty' to 'int', possible loss of data
          with
          [
              _Ty=float
          ]
E:\SP_Project-master\SP_Project-master\SP_Game\Editor.cpp(142,10): warning C4244: '=': conversion from 'const _Ty' to 'int', possible loss of data
          with
          [
              _Ty=float
          ]
E:\SP_Project-master\SP_Project-master\SP_Game\Editor.cpp(143,11): warning C4244: '=': conversion from 'const _Ty' to 'int', possible loss of data
          with
          [
              _Ty=float
          ]
E:\SP_Project-master\SP_Project-master\SP_Game\Editor.cpp(144,10): warning C4244: '=': conversion from 'const _Ty' to 'int', possible loss of data
          with
          [
              _Ty=float
          ]
E:\SP_Project-master\SP_Project-master\SP_Game\Editor.cpp(145,10): warning C4244: '=': conversion from 'const _Ty' to 'int', possible loss of data
          with
          [
              _Ty=float
          ]
E:\SP_Project-master\SP_Project-master\SP_Game\Editor.cpp(218,141): warning C4244: 'argument': conversion from 'float' to 'T', possible loss of data
          with
          [
              T=unsigned int
          ]
E:\SP_Project-master\SP_Project-master\SP_Game\Editor.cpp(218,78): warning C4244: 'argument': conversion from 'float' to 'T', possible loss of data
          with
          [
              T=unsigned int
          ]
E:\SP_Project-master\SP_Project-master\SP_Game\Editor.cpp(226,60): warning C4244: 'argument': conversion from 'float' to 'int', possible loss of data
E:\SP_Project-master\SP_Project-master\SP_Game\Editor.cpp(251,26): warning C4305: '+=': truncation from 'double' to 'float'
E:\SP_Project-master\SP_Project-master\SP_Game\Editor.cpp(255,26): warning C4305: '-=': truncation from 'double' to 'float'
E:\SP_Project-master\SP_Project-master\SP_Game\Editor.cpp(313,23): warning C4244: '=': conversion from 'T' to 'int', possible loss of data
          with
          [
              T=float
          ]
E:\SP_Project-master\SP_Project-master\SP_Game\Editor.cpp(315,23): warning C4244: '=': conversion from 'T' to 'int', possible loss of data
          with
          [
              T=float
          ]
E:\SP_Project-master\SP_Project-master\SP_Game\Editor.cpp(331,137): warning C4244: 'argument': conversion from 'float' to 'int', possible loss of data
E:\SP_Project-master\SP_Project-master\SP_Game\Editor.cpp(331,98): warning C4244: 'argument': conversion from 'float' to 'int', possible loss of data
E:\SP_Project-master\SP_Project-master\SP_Game\Editor.cpp(344,99): warning C4305: 'argument': truncation from 'int' to 'sf::Uint8'
E:\SP_Project-master\SP_Project-master\SP_Game\Editor.cpp(344,99): warning C4309: 'argument': truncation of constant value
E:\SP_Project-master\SP_Project-master\SP_Game\Editor.cpp(346,208): warning C4244: 'argument': conversion from 'double' to 'float', possible loss of data
E:\SP_Project-master\SP_Project-master\SP_Game\Editor.cpp(346,55): warning C4244: 'argument': conversion from 'double' to 'float', possible loss of data
E:\SP_Project-master\SP_Project-master\SP_Game\Editor.cpp(348,25): warning C4244: 'argument': conversion from 'int' to 'float', possible loss of data
E:\SP_Project-master\SP_Project-master\SP_Game\Editor.cpp(348,21): warning C4244: 'argument': conversion from 'int' to 'float', possible loss of data
E:\SP_Project-master\SP_Project-master\SP_Game\Editor.cpp(356,25): warning C4244: 'argument': conversion from 'int' to 'float', possible loss of data
E:\SP_Project-master\SP_Project-master\SP_Game\Editor.cpp(356,23): warning C4244: 'argument': conversion from 'int' to 'float', possible loss of data
E:\SP_Project-master\SP_Project-master\SP_Game\Editor.cpp(413,70): warning C4244: '=': conversion from 'T' to 'T', possible loss of data
          with
          [
              T=float
          ]
          and
          [
              T=int
          ]
E:\SP_Project-master\SP_Project-master\SP_Game\Editor.cpp(413,116): warning C4244: '=': conversion from 'T' to 'T', possible loss of data
          with
          [
              T=float
          ]
          and
          [
              T=int
          ]
E:\SP_Project-master\SP_Project-master\SP_Game\Editor.cpp(413,171): warning C4244: '=': conversion from 'T' to 'T', possible loss of data
          with
          [
              T=float
          ]
          and
          [
              T=int
          ]
E:\SP_Project-master\SP_Project-master\SP_Game\Editor.cpp(413,208): warning C4244: '=': conversion from 'T' to 'T', possible loss of data
          with
          [
              T=float
          ]
          and
          [
              T=int
          ]
E:\SP_Project-master\SP_Project-master\SP_Game\Editor.cpp(424,38): warning C4244: 'argument': conversion from 'double' to 'T', possible loss of data
          with
          [
              T=float
          ]
E:\SP_Project-master\SP_Project-master\SP_Game\Editor.cpp(427,119): warning C4244: 'argument': conversion from 'float' to 'int', possible loss of data
E:\SP_Project-master\SP_Project-master\SP_Game\Editor.cpp(427,112): warning C4244: 'argument': conversion from 'float' to 'int', possible loss of data
E:\SP_Project-master\SP_Project-master\SP_Game\Editor.cpp(430,104): warning C4244: 'argument': conversion from 'double' to 'float', possible loss of data
E:\SP_Project-master\SP_Project-master\SP_Game\Editor.cpp(429,59): warning C4244: 'argument': conversion from 'double' to 'float', possible loss of data
E:\SP_Project-master\SP_Project-master\SP_Game\Editor.cpp(432,149): warning C4244: 'argument': conversion from 'double' to 'int', possible loss of data
E:\SP_Project-master\SP_Project-master\SP_Game\Editor.cpp(432,132): warning C4244: 'argument': conversion from 'float' to 'int', possible loss of data
E:\SP_Project-master\SP_Project-master\SP_Game\Editor.cpp(432,124): warning C4244: 'argument': conversion from 'float' to 'int', possible loss of data
E:\SP_Project-master\SP_Project-master\SP_Game\Editor.cpp(434,157): warning C4244: 'argument': conversion from 'double' to 'int', possible loss of data
E:\SP_Project-master\SP_Project-master\SP_Game\Editor.cpp(434,140): warning C4244: 'argument': conversion from 'float' to 'int', possible loss of data
E:\SP_Project-master\SP_Project-master\SP_Game\Editor.cpp(434,132): warning C4244: 'argument': conversion from 'float' to 'int', possible loss of data
E:\SP_Project-master\SP_Project-master\SP_Game\Editor.cpp(436,143): warning C4244: 'argument': conversion from 'double' to 'int', possible loss of data
E:\SP_Project-master\SP_Project-master\SP_Game\Editor.cpp(436,126): warning C4244: 'argument': conversion from 'float' to 'int', possible loss of data
E:\SP_Project-master\SP_Project-master\SP_Game\Editor.cpp(436,118): warning C4244: 'argument': conversion from 'float' to 'int', possible loss of data
  Enemies.cpp
E:\SP_Project-master\SP_Project-master\SP_Game\character.h(8,60): warning C4305: 'initializing': truncation from 'double' to 'float'
E:\SP_Project-master\SP_Project-master\SP_Game\character.h(9,54): warning C4305: 'initializing': truncation from 'double' to 'float'
E:\SP_Project-master\SP_Project-master\SP_Game\character.h(13,19): warning C4244: 'initializing': conversion from 'double' to 'float', possible loss of data
E:\SP_Project-master\SP_Project-master\SP_Game\character.h(17,52): warning C4305: 'initializing': truncation from 'double' to 'float'
E:\SP_Project-master\SP_Project-master\SP_Game\character.h(36,26): warning C4305: 'argument': truncation from 'double' to 'T'
          with
          [
              T=float
          ]
E:\SP_Project-master\SP_Project-master\SP_Game\character.h(36,21): warning C4305: 'argument': truncation from 'double' to 'T'
          with
          [
              T=float
          ]
E:\SP_Project-master\SP_Project-master\SP_Game\character.h(46,32): warning C4244: 'initializing': conversion from 'T' to 'const int', possible loss of data
          with
          [
              T=float
          ]
E:\SP_Project-master\SP_Project-master\SP_Game\character.h(48,30): warning C4244: 'initializing': conversion from 'T' to 'const int', possible loss of data
          with
          [
              T=float
          ]
E:\SP_Project-master\SP_Project-master\SP_Game\character.h(50,28): warning C4244: 'initializing': conversion from 'T' to 'const int', possible loss of data
          with
          [
              T=float
          ]
E:\SP_Project-master\SP_Project-master\SP_Game\character.h(52,31): warning C4244: 'initializing': conversion from 'T' to 'const int', possible loss of data
          with
          [
              T=float
          ]
E:\SP_Project-master\SP_Project-master\SP_Game\character.h(54,26): warning C4244: 'initializing': conversion from 'T' to 'const int', possible loss of data
          with
          [
              T=float
          ]
E:\SP_Project-master\SP_Project-master\SP_Game\character.h(57,38): warning C4244: 'initializing': conversion from 'T' to 'int', possible loss of data
          with
          [
              T=float
          ]
E:\SP_Project-master\SP_Project-master\SP_Game\character.h(59,37): warning C4244: 'initializing': conversion from 'T' to 'int', possible loss of data
          with
          [
              T=float
          ]
E:\SP_Project-master\SP_Project-master\SP_Game\character.h(61,35): warning C4244: 'initializing': conversion from 'T' to 'int', possible loss of data
          with
          [
              T=float
          ]
E:\SP_Project-master\SP_Project-master\SP_Game\character.h(63,37): warning C4244: 'initializing': conversion from 'T' to 'int', possible loss of data
          with
          [
              T=float
          ]
E:\SP_Project-master\SP_Project-master\SP_Game\Enemies.h(8,19): warning C4305: 'initializing': truncation from 'double' to 'float'
E:\SP_Project-master\SP_Project-master\SP_Game\Enemies.cpp(34,70): warning C4244: 'argument': conversion from 'T' to 'T', possible loss of data
          with
          [
              T=float
          ]
          and
          [
              T=int
          ]
E:\SP_Project-master\SP_Project-master\SP_Game\Enemies.cpp(34,58): warning C4244: 'argument': conversion from 'T' to 'T', possible loss of data
          with
          [
              T=float
          ]
          and
          [
              T=int
          ]
E:\SP_Project-master\SP_Project-master\SP_Game\Enemies.cpp(39,27): warning C4244: 'argument': conversion from 'int' to 'float', possible loss of data
E:\SP_Project-master\SP_Project-master\SP_Game\Enemies.cpp(39,21): warning C4244: 'argument': conversion from 'int' to 'float', possible loss of data
E:\SP_Project-master\SP_Project-master\SP_Game\Enemies.cpp(69,95): warning C4244: 'argument': conversion from 'T' to 'T', possible loss of data
          with
          [
              T=float
          ]
          and
          [
              T=int
          ]
E:\SP_Project-master\SP_Project-master\SP_Game\Enemies.cpp(69,83): warning C4244: 'argument': conversion from 'T' to 'T', possible loss of data
          with
          [
              T=float
          ]
          and
          [
              T=int
          ]
E:\SP_Project-master\SP_Project-master\SP_Game\Enemies.cpp(69,45): warning C4244: 'argument': conversion from 'T' to 'T', possible loss of data
          with
          [
              T=float
          ]
          and
          [
              T=int
          ]
E:\SP_Project-master\SP_Project-master\SP_Game\Enemies.cpp(84,94): warning C4244: 'argument': conversion from 'T' to 'T', possible loss of data
          with
          [
              T=float
          ]
          and
          [
              T=int
          ]
E:\SP_Project-master\SP_Project-master\SP_Game\Enemies.cpp(84,82): warning C4244: 'argument': conversion from 'T' to 'T', possible loss of data
          with
          [
              T=float
          ]
          and
          [
              T=int
          ]
E:\SP_Project-master\SP_Project-master\SP_Game\Enemies.cpp(84,45): warning C4244: 'argument': conversion from 'T' to 'T', possible loss of data
          with
          [
              T=float
          ]
          and
          [
              T=int
          ]
E:\SP_Project-master\SP_Project-master\SP_Game\Enemies.cpp(99,94): warning C4244: 'argument': conversion from 'T' to 'T', possible loss of data
          with
          [
              T=float
          ]
          and
          [
              T=int
          ]
E:\SP_Project-master\SP_Project-master\SP_Game\Enemies.cpp(99,82): warning C4244: 'argument': conversion from 'T' to 'T', possible loss of data
          with
          [
              T=float
          ]
          and
          [
              T=int
          ]
E:\SP_Project-master\SP_Project-master\SP_Game\Enemies.cpp(99,45): warning C4244: 'argument': conversion from 'T' to 'T', possible loss of data
          with
          [
              T=float
          ]
          and
          [
              T=int
          ]
E:\SP_Project-master\SP_Project-master\SP_Game\Enemies.cpp(114,92): warning C4244: 'argument': conversion from 'T' to 'T', possible loss of data
          with
          [
              T=float
          ]
          and
          [
              T=int
          ]
E:\SP_Project-master\SP_Project-master\SP_Game\Enemies.cpp(114,80): warning C4244: 'argument': conversion from 'T' to 'T', possible loss of data
          with
          [
              T=float
          ]
          and
          [
              T=int
          ]
E:\SP_Project-master\SP_Project-master\SP_Game\Enemies.cpp(114,45): warning C4244: 'argument': conversion from 'T' to 'T', possible loss of data
          with
          [
              T=float
          ]
          and
          [
              T=int
          ]
E:\SP_Project-master\SP_Project-master\SP_Game\Enemies.cpp(135,83): warning C4244: 'argument': conversion from 'T' to 'T', possible loss of data
          with
          [
              T=float
          ]
          and
          [
              T=int
          ]
E:\SP_Project-master\SP_Project-master\SP_Game\Enemies.cpp(135,72): warning C4244: 'argument': conversion from 'T' to 'T', possible loss of data
          with
          [
              T=float
          ]
          and
          [
              T=int
          ]
E:\SP_Project-master\SP_Project-master\SP_Game\Enemies.cpp(135,45): warning C4244: 'argument': conversion from 'T' to 'T', possible loss of data
          with
          [
              T=float
          ]
          and
          [
              T=int
          ]
E:\SP_Project-master\SP_Project-master\SP_Game\Enemies.cpp(154,83): warning C4244: 'argument': conversion from 'T' to 'T', possible loss of data
          with
          [
              T=float
          ]
          and
          [
              T=int
          ]
E:\SP_Project-master\SP_Project-master\SP_Game\Enemies.cpp(154,72): warning C4244: 'argument': conversion from 'T' to 'T', possible loss of data
          with
          [
              T=float
          ]
          and
          [
              T=int
          ]
E:\SP_Project-master\SP_Project-master\SP_Game\Enemies.cpp(154,45): warning C4244: 'argument': conversion from 'T' to 'T', possible loss of data
          with
          [
              T=float
          ]
          and
          [
              T=int
          ]
E:\SP_Project-master\SP_Project-master\SP_Game\Enemies.cpp(172,82): warning C4244: 'argument': conversion from 'T' to 'T', possible loss of data
          with
          [
              T=float
          ]
          and
          [
              T=int
          ]
E:\SP_Project-master\SP_Project-master\SP_Game\Enemies.cpp(172,71): warning C4244: 'argument': conversion from 'T' to 'T', possible loss of data
          with
          [
              T=float
          ]
          and
          [
              T=int
          ]
E:\SP_Project-master\SP_Project-master\SP_Game\Enemies.cpp(172,44): warning C4244: 'argument': conversion from 'T' to 'T', possible loss of data
          with
          [
              T=float
          ]
          and
          [
              T=int
          ]
E:\SP_Project-master\SP_Project-master\SP_Game\Enemies.cpp(193,82): warning C4244: 'argument': conversion from 'T' to 'T', possible loss of data
          with
          [
              T=float
          ]
          and
          [
              T=int
          ]
E:\SP_Project-master\SP_Project-master\SP_Game\Enemies.cpp(193,71): warning C4244: 'argument': conversion from 'T' to 'T', possible loss of data
          with
          [
              T=float
          ]
          and
          [
              T=int
          ]
E:\SP_Project-master\SP_Project-master\SP_Game\Enemies.cpp(193,44): warning C4244: 'argument': conversion from 'T' to 'T', possible loss of data
          with
          [
              T=float
          ]
          and
          [
              T=int
          ]
E:\SP_Project-master\SP_Project-master\SP_Game\Enemies.cpp(212,84): warning C4244: 'argument': conversion from 'T' to 'T', possible loss of data
          with
          [
              T=float
          ]
          and
          [
              T=int
          ]
E:\SP_Project-master\SP_Project-master\SP_Game\Enemies.cpp(212,73): warning C4244: 'argument': conversion from 'T' to 'T', possible loss of data
          with
          [
              T=float
          ]
          and
          [
              T=int
          ]
E:\SP_Project-master\SP_Project-master\SP_Game\Enemies.cpp(212,44): warning C4244: 'argument': conversion from 'T' to 'T', possible loss of data
          with
          [
              T=float
          ]
          and
          [
              T=int
          ]
E:\SP_Project-master\SP_Project-master\SP_Game\Enemies.cpp(231,84): warning C4244: 'argument': conversion from 'T' to 'T', possible loss of data
          with
          [
              T=float
          ]
          and
          [
              T=int
          ]
E:\SP_Project-master\SP_Project-master\SP_Game\Enemies.cpp(231,73): warning C4244: 'argument': conversion from 'T' to 'T', possible loss of data
          with
          [
              T=float
          ]
          and
          [
              T=int
          ]
E:\SP_Project-master\SP_Project-master\SP_Game\Enemies.cpp(231,44): warning C4244: 'argument': conversion from 'T' to 'T', possible loss of data
          with
          [
              T=float
          ]
          and
          [
              T=int
          ]
E:\SP_Project-master\SP_Project-master\SP_Game\Enemies.cpp(250,85): warning C4244: 'argument': conversion from 'T' to 'T', possible loss of data
          with
          [
              T=float
          ]
          and
          [
              T=int
          ]
E:\SP_Project-master\SP_Project-master\SP_Game\Enemies.cpp(250,74): warning C4244: 'argument': conversion from 'T' to 'T', possible loss of data
          with
          [
              T=float
          ]
          and
          [
              T=int
          ]
E:\SP_Project-master\SP_Project-master\SP_Game\Enemies.cpp(250,44): warning C4244: 'argument': conversion from 'T' to 'T', possible loss of data
          with
          [
              T=float
          ]
          and
          [
              T=int
          ]
E:\SP_Project-master\SP_Project-master\SP_Game\Enemies.cpp(396,80): warning C4244: 'argument': conversion from 'double' to 'float', possible loss of data
E:\SP_Project-master\SP_Project-master\SP_Game\Enemies.cpp(395,59): warning C4244: 'argument': conversion from 'double' to 'float', possible loss of data
  Game.cpp
E:\SP_Project-master\SP_Project-master\SP_Game\character.h(8,60): warning C4305: 'initializing': truncation from 'double' to 'float'
E:\SP_Project-master\SP_Project-master\SP_Game\character.h(9,54): warning C4305: 'initializing': truncation from 'double' to 'float'
E:\SP_Project-master\SP_Project-master\SP_Game\character.h(13,19): warning C4244: 'initializing': conversion from 'double' to 'float', possible loss of data
E:\SP_Project-master\SP_Project-master\SP_Game\character.h(17,52): warning C4305: 'initializing': truncation from 'double' to 'float'
E:\SP_Project-master\SP_Project-master\SP_Game\character.h(36,26): warning C4305: 'argument': truncation from 'double' to 'T'
          with
          [
              T=float
          ]
E:\SP_Project-master\SP_Project-master\SP_Game\character.h(36,21): warning C4305: 'argument': truncation from 'double' to 'T'
          with
          [
              T=float
          ]
E:\SP_Project-master\SP_Project-master\SP_Game\character.h(46,32): warning C4244: 'initializing': conversion from 'T' to 'const int', possible loss of data
          with
          [
              T=float
          ]
E:\SP_Project-master\SP_Project-master\SP_Game\character.h(48,30): warning C4244: 'initializing': conversion from 'T' to 'const int', possible loss of data
          with
          [
              T=float
          ]
E:\SP_Project-master\SP_Project-master\SP_Game\character.h(50,28): warning C4244: 'initializing': conversion from 'T' to 'const int', possible loss of data
          with
          [
              T=float
          ]
E:\SP_Project-master\SP_Project-master\SP_Game\character.h(52,31): warning C4244: 'initializing': conversion from 'T' to 'const int', possible loss of data
          with
          [
              T=float
          ]
E:\SP_Project-master\SP_Project-master\SP_Game\character.h(54,26): warning C4244: 'initializing': conversion from 'T' to 'const int', possible loss of data
          with
          [
              T=float
          ]
E:\SP_Project-master\SP_Project-master\SP_Game\character.h(57,38): warning C4244: 'initializing': conversion from 'T' to 'int', possible loss of data
          with
          [
              T=float
          ]
E:\SP_Project-master\SP_Project-master\SP_Game\character.h(59,37): warning C4244: 'initializing': conversion from 'T' to 'int', possible loss of data
          with
          [
              T=float
          ]
E:\SP_Project-master\SP_Project-master\SP_Game\character.h(61,35): warning C4244: 'initializing': conversion from 'T' to 'int', possible loss of data
          with
          [
              T=float
          ]
E:\SP_Project-master\SP_Project-master\SP_Game\character.h(63,37): warning C4244: 'initializing': conversion from 'T' to 'int', possible loss of data
          with
          [
              T=float
          ]
E:\SP_Project-master\SP_Project-master\SP_Game\Enemies.h(8,19): warning C4305: 'initializing': truncation from 'double' to 'float'
E:\SP_Project-master\SP_Project-master\SP_Game\GameScenes.h(11,24): warning C4305: 'initializing': truncation from 'double' to 'float'
E:\SP_Project-master\SP_Project-master\SP_Game\GameScenes.h(12,28): warning C4305: 'initializing': truncation from 'double' to 'float'
E:\SP_Project-master\SP_Project-master\SP_Game\GameScenes.h(21,20): warning C4305: 'initializing': truncation from 'double' to 'float'
E:\SP_Project-master\SP_Project-master\SP_Game\DayAndNight.h(8,22): warning C4305: 'initializing': truncation from 'double' to 'float'
E:\SP_Project-master\SP_Project-master\SP_Game\DayAndNight.h(8,44): warning C4305: 'initializing': truncation from 'double' to 'float'
E:\SP_Project-master\SP_Project-master\SP_Game\Game.cpp(5,12): warning C4244: 'argument': conversion from 'time_t' to 'unsigned int', possible loss of data
E:\SP_Project-master\SP_Project-master\SP_Game\Game.cpp(105,25): warning C4244: '=': conversion from 'double' to 'float', possible loss of data
E:\SP_Project-master\SP_Project-master\SP_Game\Game.cpp(124,54): warning C4244: 'argument': conversion from 'T' to 'float', possible loss of data
          with
          [
              T=unsigned int
          ]
  GameManager.cpp
E:\SP_Project-master\SP_Project-master\SP_Game\map.h(2,10): warning C4067: unexpected tokens following preprocessor directive - expected a newline
E:\SP_Project-master\SP_Project-master\SP_Game\character.h(8,60): warning C4305: 'initializing': truncation from 'double' to 'float'
E:\SP_Project-master\SP_Project-master\SP_Game\character.h(9,54): warning C4305: 'initializing': truncation from 'double' to 'float'
E:\SP_Project-master\SP_Project-master\SP_Game\character.h(13,19): warning C4244: 'initializing': conversion from 'double' to 'float', possible loss of data
E:\SP_Project-master\SP_Project-master\SP_Game\character.h(17,52): warning C4305: 'initializing': truncation from 'double' to 'float'
E:\SP_Project-master\SP_Project-master\SP_Game\character.h(36,26): warning C4305: 'argument': truncation from 'double' to 'T'
          with
          [
              T=float
          ]
E:\SP_Project-master\SP_Project-master\SP_Game\character.h(36,21): warning C4305: 'argument': truncation from 'double' to 'T'
          with
          [
              T=float
          ]
E:\SP_Project-master\SP_Project-master\SP_Game\character.h(46,32): warning C4244: 'initializing': conversion from 'T' to 'const int', possible loss of data
          with
          [
              T=float
          ]
E:\SP_Project-master\SP_Project-master\SP_Game\character.h(48,30): warning C4244: 'initializing': conversion from 'T' to 'const int', possible loss of data
          with
          [
              T=float
          ]
E:\SP_Project-master\SP_Project-master\SP_Game\character.h(50,28): warning C4244: 'initializing': conversion from 'T' to 'const int', possible loss of data
          with
          [
              T=float
          ]
E:\SP_Project-master\SP_Project-master\SP_Game\character.h(52,31): warning C4244: 'initializing': conversion from 'T' to 'const int', possible loss of data
          with
          [
              T=float
          ]
E:\SP_Project-master\SP_Project-master\SP_Game\character.h(54,26): warning C4244: 'initializing': conversion from 'T' to 'const int', possible loss of data
          with
          [
              T=float
          ]
E:\SP_Project-master\SP_Project-master\SP_Game\character.h(57,38): warning C4244: 'initializing': conversion from 'T' to 'int', possible loss of data
          with
          [
              T=float
          ]
E:\SP_Project-master\SP_Project-master\SP_Game\character.h(59,37): warning C4244: 'initializing': conversion from 'T' to 'int', possible loss of data
          with
          [
              T=float
          ]
E:\SP_Project-master\SP_Project-master\SP_Game\character.h(61,35): warning C4244: 'initializing': conversion from 'T' to 'int', possible loss of data
          with
          [
              T=float
          ]
E:\SP_Project-master\SP_Project-master\SP_Game\character.h(63,37): warning C4244: 'initializing': conversion from 'T' to 'int', possible loss of data
          with
          [
              T=float
          ]
E:\SP_Project-master\SP_Project-master\SP_Game\Enemies.h(8,19): warning C4305: 'initializing': truncation from 'double' to 'float'
E:\SP_Project-master\SP_Project-master\SP_Game\GameScenes.h(11,24): warning C4305: 'initializing': truncation from 'double' to 'float'
E:\SP_Project-master\SP_Project-master\SP_Game\GameScenes.h(12,28): warning C4305: 'initializing': truncation from 'double' to 'float'
E:\SP_Project-master\SP_Project-master\SP_Game\GameScenes.h(21,20): warning C4305: 'initializing': truncation from 'double' to 'float'
E:\SP_Project-master\SP_Project-master\SP_Game\DayAndNight.h(8,22): warning C4305: 'initializing': truncation from 'double' to 'float'
E:\SP_Project-master\SP_Project-master\SP_Game\DayAndNight.h(8,44): warning C4305: 'initializing': truncation from 'double' to 'float'
E:\SP_Project-master\SP_Project-master\SP_Game\GameManager.cpp(7,88): warning C4244: 'argument': conversion from 'float' to 'int', possible loss of data
E:\SP_Project-master\SP_Project-master\SP_Game\GameManager.cpp(14,29): warning C4305: 'argument': truncation from 'double' to 'T'
          with
          [
              T=float
          ]
E:\SP_Project-master\SP_Project-master\SP_Game\GameManager.cpp(14,21): warning C4305: 'argument': truncation from 'double' to 'T'
          with
          [
              T=float
          ]
E:\SP_Project-master\SP_Project-master\SP_Game\GameManager.cpp(125,50): warning C4244: 'argument': conversion from 'int' to 'float', possible loss of data
E:\SP_Project-master\SP_Project-master\SP_Game\GameManager.cpp(137,50): warning C4244: 'argument': conversion from 'int' to 'float', possible loss of data
E:\SP_Project-master\SP_Project-master\SP_Game\GameManager.cpp(141,50): warning C4244: 'argument': conversion from 'int' to 'float', possible loss of data
E:\SP_Project-master\SP_Project-master\SP_Game\GameManager.cpp(154,70): warning C4267: 'argument': conversion from 'size_t' to 'int', possible loss of data
E:\SP_Project-master\SP_Project-master\SP_Game\GameManager.cpp(154,175): warning C4267: 'argument': conversion from 'size_t' to 'int', possible loss of data
E:\SP_Project-master\SP_Project-master\SP_Game\GameManager.cpp(154,229): warning C4267: 'argument': conversion from 'size_t' to 'int', possible loss of data
E:\SP_Project-master\SP_Project-master\SP_Game\GameManager.cpp(160,45): warning C4305: 'argument': truncation from 'double' to 'T'
          with
          [
              T=float
          ]
E:\SP_Project-master\SP_Project-master\SP_Game\GameManager.cpp(161,81): warning C4244: 'argument': conversion from 'T' to 'int', possible loss of data
          with
          [
              T=float
          ]
E:\SP_Project-master\SP_Project-master\SP_Game\GameManager.cpp(161,39): warning C4244: 'argument': conversion from 'T' to 'int', possible loss of data
          with
          [
              T=float
          ]
E:\SP_Project-master\SP_Project-master\SP_Game\GameManager.cpp(162,72): warning C4305: 'argument': truncation from 'double' to 'T'
          with
          [
              T=float
          ]
  GameScenes.cpp
E:\SP_Project-master\SP_Project-master\SP_Game\character.h(8,60): warning C4305: 'initializing': truncation from 'double' to 'float'
E:\SP_Project-master\SP_Project-master\SP_Game\character.h(9,54): warning C4305: 'initializing': truncation from 'double' to 'float'
E:\SP_Project-master\SP_Project-master\SP_Game\character.h(13,19): warning C4244: 'initializing': conversion from 'double' to 'float', possible loss of data
E:\SP_Project-master\SP_Project-master\SP_Game\character.h(17,52): warning C4305: 'initializing': truncation from 'double' to 'float'
E:\SP_Project-master\SP_Project-master\SP_Game\character.h(36,26): warning C4305: 'argument': truncation from 'double' to 'T'
          with
          [
              T=float
          ]
E:\SP_Project-master\SP_Project-master\SP_Game\character.h(36,21): warning C4305: 'argument': truncation from 'double' to 'T'
          with
          [
              T=float
          ]
E:\SP_Project-master\SP_Project-master\SP_Game\character.h(46,32): warning C4244: 'initializing': conversion from 'T' to 'const int', possible loss of data
          with
          [
              T=float
          ]
E:\SP_Project-master\SP_Project-master\SP_Game\character.h(48,30): warning C4244: 'initializing': conversion from 'T' to 'const int', possible loss of data
          with
          [
              T=float
          ]
E:\SP_Project-master\SP_Project-master\SP_Game\character.h(50,28): warning C4244: 'initializing': conversion from 'T' to 'const int', possible loss of data
          with
          [
              T=float
          ]
E:\SP_Project-master\SP_Project-master\SP_Game\character.h(52,31): warning C4244: 'initializing': conversion from 'T' to 'const int', possible loss of data
          with
          [
              T=float
          ]
E:\SP_Project-master\SP_Project-master\SP_Game\character.h(54,26): warning C4244: 'initializing': conversion from 'T' to 'const int', possible loss of data
          with
          [
              T=float
          ]
E:\SP_Project-master\SP_Project-master\SP_Game\character.h(57,38): warning C4244: 'initializing': conversion from 'T' to 'int', possible loss of data
          with
          [
              T=float
          ]
E:\SP_Project-master\SP_Project-master\SP_Game\character.h(59,37): warning C4244: 'initializing': conversion from 'T' to 'int', possible loss of data
          with
          [
              T=float
          ]
E:\SP_Project-master\SP_Project-master\SP_Game\character.h(61,35): warning C4244: 'initializing': conversion from 'T' to 'int', possible loss of data
          with
          [
              T=float
          ]
E:\SP_Project-master\SP_Project-master\SP_Game\character.h(63,37): warning C4244: 'initializing': conversion from 'T' to 'int', possible loss of data
          with
          [
              T=float
          ]
E:\SP_Project-master\SP_Project-master\SP_Game\Enemies.h(8,19): warning C4305: 'initializing': truncation from 'double' to 'float'
E:\SP_Project-master\SP_Project-master\SP_Game\GameScenes.h(11,24): warning C4305: 'initializing': truncation from 'double' to 'float'
E:\SP_Project-master\SP_Project-master\SP_Game\GameScenes.h(12,28): warning C4305: 'initializing': truncation from 'double' to 'float'
E:\SP_Project-master\SP_Project-master\SP_Game\GameScenes.h(21,20): warning C4305: 'initializing': truncation from 'double' to 'float'
E:\SP_Project-master\SP_Project-master\SP_Game\GameScenes.cpp(22,55): warning C4244: 'argument': conversion from 'T' to 'float', possible loss of data
          with
          [
              T=unsigned int
          ]
E:\SP_Project-master\SP_Project-master\SP_Game\GameScenes.cpp(29,56): warning C4244: 'argument': conversion from 'T' to 'float', possible loss of data
          with
          [
              T=unsigned int
          ]
E:\SP_Project-master\SP_Project-master\SP_Game\GameScenes.cpp(33,15): warning C4305: '=': truncation from 'double' to 'float'
E:\SP_Project-master\SP_Project-master\SP_Game\GameScenes.cpp(33,35): warning C4305: '=': truncation from 'double' to 'float'
E:\SP_Project-master\SP_Project-master\SP_Game\GameScenes.cpp(33,59): warning C4305: '=': truncation from 'double' to 'float'
E:\SP_Project-master\SP_Project-master\SP_Game\GameScenes.cpp(115,47): warning C4244: 'argument': conversion from 'T' to 'float', possible loss of data
          with
          [
              T=unsigned int
          ]
E:\SP_Project-master\SP_Project-master\SP_Game\GameScenes.cpp(146,36): warning C4244: 'argument': conversion from 'T' to 'int', possible loss of data
          with
          [
              T=float
          ]
E:\SP_Project-master\SP_Project-master\SP_Game\GameScenes.cpp(149,31): warning C4244: 'argument': conversion from 'T' to 'int', possible loss of data
          with
          [
              T=float
          ]
E:\SP_Project-master\SP_Project-master\SP_Game\GameScenes.cpp(156,86): warning C4244: 'argument': conversion from 'double' to 'float', possible loss of data
E:\SP_Project-master\SP_Project-master\SP_Game\GameScenes.cpp(156,59): warning C4244: 'argument': conversion from 'double' to 'float', possible loss of data
E:\SP_Project-master\SP_Project-master\SP_Game\GameScenes.cpp(159,72): warning C4244: 'argument': conversion from 'T' to 'float', possible loss of data
          with
          [
              T=unsigned int
          ]
E:\SP_Project-master\SP_Project-master\SP_Game\GameScenes.cpp(159,47): warning C4244: 'argument': conversion from 'T' to 'float', possible loss of data
          with
          [
              T=unsigned int
          ]
E:\SP_Project-master\SP_Project-master\SP_Game\GameScenes.cpp(160,78): warning C4244: 'argument': conversion from 'T' to 'T', possible loss of data
          with
          [
              T=float
          ]
          and
          [
              T=int
          ]
E:\SP_Project-master\SP_Project-master\SP_Game\GameScenes.cpp(160,64): warning C4244: 'argument': conversion from 'T' to 'T', possible loss of data
          with
          [
              T=float
          ]
          and
          [
              T=int
          ]
E:\SP_Project-master\SP_Project-master\SP_Game\GameScenes.cpp(163,79): warning C4244: 'argument': conversion from 'T' to 'T', possible loss of data
          with
          [
              T=float
          ]
          and
          [
              T=int
          ]
E:\SP_Project-master\SP_Project-master\SP_Game\GameScenes.cpp(163,65): warning C4244: 'argument': conversion from 'T' to 'T', possible loss of data
          with
          [
              T=float
          ]
          and
          [
              T=int
          ]
E:\SP_Project-master\SP_Project-master\SP_Game\GameScenes.cpp(168,30): warning C4305: 'initializing': truncation from 'double' to 'float'
E:\SP_Project-master\SP_Project-master\SP_Game\GameScenes.cpp(198,35): warning C4305: '=': truncation from 'double' to 'float'
E:\SP_Project-master\SP_Project-master\SP_Game\GameScenes.cpp(212,13): warning C4305: '=': truncation from 'double' to 'float'
E:\SP_Project-master\SP_Project-master\SP_Game\GameScenes.cpp(247,30): warning C4305: 'initializing': truncation from 'double' to 'float'
E:\SP_Project-master\SP_Project-master\SP_Game\GameScenes.cpp(253,120): warning C4244: 'argument': conversion from 'T' to 'T', possible loss of data
          with
          [
              T=float
          ]
          and
          [
              T=int
          ]
E:\SP_Project-master\SP_Project-master\SP_Game\GameScenes.cpp(253,100): warning C4244: 'argument': conversion from 'T' to 'T', possible loss of data
          with
          [
              T=float
          ]
          and
          [
              T=int
          ]
E:\SP_Project-master\SP_Project-master\SP_Game\GameScenes.cpp(253,60): warning C4244: 'argument': conversion from 'T' to 'T', possible loss of data
          with
          [
              T=float
          ]
          and
          [
              T=int
          ]
E:\SP_Project-master\SP_Project-master\SP_Game\GameScenes.cpp(311,108): warning C4244: 'argument': conversion from 'T' to 'T', possible loss of data
          with
          [
              T=float
          ]
          and
          [
              T=int
          ]
E:\SP_Project-master\SP_Project-master\SP_Game\GameScenes.cpp(311,87): warning C4244: 'argument': conversion from 'T' to 'T', possible loss of data
          with
          [
              T=float
          ]
          and
          [
              T=int
          ]
E:\SP_Project-master\SP_Project-master\SP_Game\GameScenes.cpp(334,79): warning C4244: 'argument': conversion from 'T' to 'T', possible loss of data
          with
          [
              T=float
          ]
          and
          [
              T=int
          ]
E:\SP_Project-master\SP_Project-master\SP_Game\GameScenes.cpp(334,65): warning C4244: 'argument': conversion from 'T' to 'T', possible loss of data
          with
          [
              T=float
          ]
          and
          [
              T=int
          ]
E:\SP_Project-master\SP_Project-master\SP_Game\GameScenes.cpp(335,80): warning C4244: 'argument': conversion from 'T' to 'T', possible loss of data
          with
          [
              T=float
          ]
          and
          [
              T=int
          ]
E:\SP_Project-master\SP_Project-master\SP_Game\GameScenes.cpp(335,66): warning C4244: 'argument': conversion from 'T' to 'T', possible loss of data
          with
          [
              T=float
          ]
          and
          [
              T=int
          ]
E:\SP_Project-master\SP_Project-master\SP_Game\GameScenes.cpp(364,145): warning C4244: 'argument': conversion from 'T' to 'T', possible loss of data
          with
          [
              T=float
          ]
          and
          [
              T=int
          ]
E:\SP_Project-master\SP_Project-master\SP_Game\GameScenes.cpp(364,120): warning C4244: 'argument': conversion from 'T' to 'T', possible loss of data
          with
          [
              T=float
          ]
          and
          [
              T=int
          ]
E:\SP_Project-master\SP_Project-master\SP_Game\GameScenes.cpp(364,70): warning C4244: 'argument': conversion from 'T' to 'T', possible loss of data
          with
          [
              T=float
          ]
          and
          [
              T=int
          ]
E:\SP_Project-master\SP_Project-master\SP_Game\GameScenes.cpp(377,127): warning C4244: 'argument': conversion from 'T' to 'T', possible loss of data
          with
          [
              T=float
          ]
          and
          [
              T=int
          ]
E:\SP_Project-master\SP_Project-master\SP_Game\GameScenes.cpp(377,101): warning C4244: 'argument': conversion from 'T' to 'T', possible loss of data
          with
          [
              T=float
          ]
          and
          [
              T=int
          ]
E:\SP_Project-master\SP_Project-master\SP_Game\GameScenes.cpp(411,42): warning C4305: 'initializing': truncation from 'double' to 'float'
E:\SP_Project-master\SP_Project-master\SP_Game\GameScenes.cpp(412,30): warning C4305: 'initializing': truncation from 'double' to 'float'
E:\SP_Project-master\SP_Project-master\SP_Game\GameScenes.cpp(413,34): warning C4305: 'initializing': truncation from 'double' to 'float'
E:\SP_Project-master\SP_Project-master\SP_Game\GameScenes.cpp(432,79): warning C4244: 'argument': conversion from 'T' to 'T', possible loss of data
          with
          [
              T=float
          ]
          and
          [
              T=int
          ]
E:\SP_Project-master\SP_Project-master\SP_Game\GameScenes.cpp(432,65): warning C4244: 'argument': conversion from 'T' to 'T', possible loss of data
          with
          [
              T=float
          ]
          and
          [
              T=int
          ]
E:\SP_Project-master\SP_Project-master\SP_Game\GameScenes.cpp(441,79): warning C4244: 'argument': conversion from 'T' to 'T', possible loss of data
          with
          [
              T=float
          ]
          and
          [
              T=int
          ]
E:\SP_Project-master\SP_Project-master\SP_Game\GameScenes.cpp(441,65): warning C4244: 'argument': conversion from 'T' to 'T', possible loss of data
          with
          [
              T=float
          ]
          and
          [
              T=int
          ]
E:\SP_Project-master\SP_Project-master\SP_Game\GameScenes.cpp(466,101): warning C4244: 'argument': conversion from 'T' to 'T', possible loss of data
          with
          [
              T=float
          ]
          and
          [
              T=int
          ]
E:\SP_Project-master\SP_Project-master\SP_Game\GameScenes.cpp(466,87): warning C4244: 'argument': conversion from 'T' to 'T', possible loss of data
          with
          [
              T=float
          ]
          and
          [
              T=int
          ]
E:\SP_Project-master\SP_Project-master\SP_Game\GameScenes.cpp(466,44): warning C4244: 'argument': conversion from 'T' to 'T', possible loss of data
          with
          [
              T=float
          ]
          and
          [
              T=int
          ]
E:\SP_Project-master\SP_Project-master\SP_Game\GameScenes.cpp(494,15): warning C4305: '=': truncation from 'double' to 'float'
E:\SP_Project-master\SP_Project-master\SP_Game\GameScenes.cpp(499,97): warning C4244: 'argument': conversion from 'T' to 'T', possible loss of data
          with
          [
              T=float
          ]
          and
          [
              T=int
          ]
E:\SP_Project-master\SP_Project-master\SP_Game\GameScenes.cpp(499,84): warning C4244: 'argument': conversion from 'T' to 'T', possible loss of data
          with
          [
              T=float
          ]
          and
          [
              T=int
          ]
E:\SP_Project-master\SP_Project-master\SP_Game\GameScenes.cpp(499,44): warning C4244: 'argument': conversion from 'T' to 'T', possible loss of data
          with
          [
              T=float
          ]
          and
          [
              T=int
          ]
E:\SP_Project-master\SP_Project-master\SP_Game\GameScenes.cpp(512,90): warning C4244: 'argument': conversion from 'T' to 'T', possible loss of data
          with
          [
              T=float
          ]
          and
          [
              T=int
          ]
E:\SP_Project-master\SP_Project-master\SP_Game\GameScenes.cpp(512,77): warning C4244: 'argument': conversion from 'T' to 'T', possible loss of data
          with
          [
              T=float
          ]
          and
          [
              T=int
          ]
E:\SP_Project-master\SP_Project-master\SP_Game\GameScenes.cpp(512,44): warning C4244: 'argument': conversion from 'T' to 'T', possible loss of data
          with
          [
              T=float
          ]
          and
          [
              T=int
          ]
E:\SP_Project-master\SP_Project-master\SP_Game\GameScenes.cpp(526,79): warning C4244: 'argument': conversion from 'T' to 'T', possible loss of data
          with
          [
              T=float
          ]
          and
          [
              T=int
          ]
E:\SP_Project-master\SP_Project-master\SP_Game\GameScenes.cpp(526,65): warning C4244: 'argument': conversion from 'T' to 'T', possible loss of data
          with
          [
              T=float
          ]
          and
          [
              T=int
          ]
E:\SP_Project-master\SP_Project-master\SP_Game\GameScenes.cpp(548,77): warning C4244: 'argument': conversion from 'T' to 'T', possible loss of data
          with
          [
              T=float
          ]
          and
          [
              T=int
          ]
E:\SP_Project-master\SP_Project-master\SP_Game\GameScenes.cpp(548,63): warning C4244: 'argument': conversion from 'T' to 'T', possible loss of data
          with
          [
              T=float
          ]
          and
          [
              T=int
          ]
E:\SP_Project-master\SP_Project-master\SP_Game\GameScenes.cpp(569,22): warning C4244: 'argument': conversion from 'T' to 'int', possible loss of data
          with
          [
              T=float
          ]
E:\SP_Project-master\SP_Project-master\SP_Game\GameScenes.cpp(571,77): warning C4244: 'argument': conversion from 'T' to 'T', possible loss of data
          with
          [
              T=float
          ]
          and
          [
              T=int
          ]
E:\SP_Project-master\SP_Project-master\SP_Game\GameScenes.cpp(571,63): warning C4244: 'argument': conversion from 'T' to 'T', possible loss of data
          with
          [
              T=float
          ]
          and
          [
              T=int
          ]
E:\SP_Project-master\SP_Project-master\SP_Game\GameScenes.cpp(573,127): warning C4244: 'argument': conversion from 'T' to 'T', possible loss of data
          with
          [
              T=float
          ]
          and
          [
              T=int
          ]
E:\SP_Project-master\SP_Project-master\SP_Game\GameScenes.cpp(573,101): warning C4244: 'argument': conversion from 'T' to 'T', possible loss of data
          with
          [
              T=float
          ]
          and
          [
              T=int
          ]
E:\SP_Project-master\SP_Project-master\SP_Game\GameScenes.cpp(646,28): warning C4305: 'initializing': truncation from 'double' to 'float'
E:\SP_Project-master\SP_Project-master\SP_Game\GameScenes.cpp(665,38): warning C4244: 'argument': conversion from 'T' to 'int', possible loss of data
          with
          [
              T=float
          ]
E:\SP_Project-master\SP_Project-master\SP_Game\GameScenes.cpp(674,38): warning C4244: 'argument': conversion from 'T' to 'int', possible loss of data
          with
          [
              T=float
          ]
  Source.cpp
E:\SP_Project-master\SP_Project-master\SP_Game\Source.cpp(9,11): warning C4267: 'argument': conversion from 'size_t' to 'int', possible loss of data
E:\SP_Project-master\SP_Project-master\SP_Game\Source.cpp(11,9): error C2065: 'i': undeclared identifier
E:\SP_Project-master\SP_Project-master\SP_Game\Source.cpp(14,27): error C2511: 'sf::Vector2f ELARABY::pathFinder::moveMent(ELARABY::object *,int,int,int,int,int)': overloaded member function not found in 'ELARABY::pathFinder'
E:\SP_Project-master\SP_Project-master\SP_Game\lib.h(242,9): message : see declaration of 'ELARABY::pathFinder'
E:\SP_Project-master\SP_Project-master\SP_Game\Source.cpp(16,37): error C2065: 'i': undeclared identifier
E:\SP_Project-master\SP_Project-master\SP_Game\Source.cpp(16): error C2597: illegal reference to non-static member 'ELARABY::pathFinder::Enemy'
E:\SP_Project-master\SP_Project-master\SP_Game\Source.cpp(16): error C3867: 'ELARABY::pathFinder::Enemy': non-standard syntax; use '&' to create a pointer to member
E:\SP_Project-master\SP_Project-master\SP_Game\Source.cpp(16): error C2568: '[': unable to resolve function overload
E:\SP_Project-master\SP_Project-master\SP_Game\Source.cpp(16,22): error C2672: 'std::max': no matching overloaded function found
C:\Program Files\Microsoft Visual Studio\2022\Community\VC\Tools\MSVC\14.36.32532\include\utility(51,26): message : could be '_Ty std::max(std::initializer_list<_Elem>)'
E:\SP_Project-master\SP_Project-master\SP_Game\Source.cpp(16,22): message : '_Ty std::max(std::initializer_list<_Elem>)': expects 1 arguments - 2 provided
C:\Program Files\Microsoft Visual Studio\2022\Community\VC\Tools\MSVC\14.36.32532\include\utility(48,26): message : or       '_Ty std::max(std::initializer_list<_Elem>,_Pr)'
C:\Program Files\Microsoft Visual Studio\2022\Community\VC\Tools\MSVC\14.36.32532\include\utility(41,6): message : or       'const _Ty &std::max(const _Ty &,const _Ty &) noexcept(<expr>)'
C:\Program Files\Microsoft Visual Studio\2022\Community\VC\Tools\MSVC\14.36.32532\include\utility(31,33): message : or       'const _Ty &std::max(const _Ty &,const _Ty &,_Pr) noexcept(<expr>)'
E:\SP_Project-master\SP_Project-master\SP_Game\Source.cpp(16,22): message : 'const _Ty &std::max(const _Ty &,const _Ty &,_Pr) noexcept(<expr>)': expects 3 arguments - 2 provided
E:\SP_Project-master\SP_Project-master\SP_Game\Source.cpp(16,91): error C2065: 'i': undeclared identifier
E:\SP_Project-master\SP_Project-master\SP_Game\Source.cpp(20,42): error C2065: 'i': undeclared identifier
E:\SP_Project-master\SP_Project-master\SP_Game\Source.cpp(20): error C2597: illegal reference to non-static member 'ELARABY::pathFinder::Enemy'
E:\SP_Project-master\SP_Project-master\SP_Game\Source.cpp(20): error C3867: 'ELARABY::pathFinder::Enemy': non-standard syntax; use '&' to create a pointer to member
E:\SP_Project-master\SP_Project-master\SP_Game\Source.cpp(20): error C2568: '[': unable to resolve function overload
E:\SP_Project-master\SP_Project-master\SP_Game\Source.cpp(20,27): error C2672: 'std::min': no matching overloaded function found
C:\Program Files\Microsoft Visual Studio\2022\Community\VC\Tools\MSVC\14.36.32532\include\utility(74,26): message : could be '_Ty std::min(std::initializer_list<_Elem>)'
E:\SP_Project-master\SP_Project-master\SP_Game\Source.cpp(20,27): message : '_Ty std::min(std::initializer_list<_Elem>)': expects 1 arguments - 2 provided
C:\Program Files\Microsoft Visual Studio\2022\Community\VC\Tools\MSVC\14.36.32532\include\utility(71,26): message : or       '_Ty std::min(std::initializer_list<_Elem>,_Pr)'
C:\Program Files\Microsoft Visual Studio\2022\Community\VC\Tools\MSVC\14.36.32532\include\utility(64,6): message : or       'const _Ty &std::min(const _Ty &,const _Ty &) noexcept(<expr>)'
C:\Program Files\Microsoft Visual Studio\2022\Community\VC\Tools\MSVC\14.36.32532\include\utility(54,33): message : or       'const _Ty &std::min(const _Ty &,const _Ty &,_Pr) noexcept(<expr>)'
E:\SP_Project-master\SP_Project-master\SP_Game\Source.cpp(20,27): message : 'const _Ty &std::min(const _Ty &,const _Ty &,_Pr) noexcept(<expr>)': expects 3 arguments - 2 provided
E:\SP_Project-master\SP_Project-master\SP_Game\Source.cpp(20,99): error C2065: 'i': undeclared identifier
E:\SP_Project-master\SP_Project-master\SP_Game\Source.cpp(24,38): error C2065: 'i': undeclared identifier
E:\SP_Project-master\SP_Project-master\SP_Game\Source.cpp(24): error C2597: illegal reference to non-static member 'ELARABY::pathFinder::Enemy'
E:\SP_Project-master\SP_Project-master\SP_Game\Source.cpp(24): error C3867: 'ELARABY::pathFinder::Enemy': non-standard syntax; use '&' to create a pointer to member
E:\SP_Project-master\SP_Project-master\SP_Game\Source.cpp(24): error C2568: '[': unable to resolve function overload
E:\SP_Project-master\SP_Project-master\SP_Game\Source.cpp(24,87): error C2065: 'i': undeclared identifier
E:\SP_Project-master\SP_Project-master\SP_Game\Source.cpp(24,72): error C2672: 'std::max': no matching overloaded function found
C:\Program Files\Microsoft Visual Studio\2022\Community\VC\Tools\MSVC\14.36.32532\include\utility(51,26): message : could be '_Ty std::max(std::initializer_list<_Elem>)'
E:\SP_Project-master\SP_Project-master\SP_Game\Source.cpp(24,72): message : '_Ty std::max(std::initializer_list<_Elem>)': expects 1 arguments - 2 provided
C:\Program Files\Microsoft Visual Studio\2022\Community\VC\Tools\MSVC\14.36.32532\include\utility(48,26): message : or       '_Ty std::max(std::initializer_list<_Elem>,_Pr)'
C:\Program Files\Microsoft Visual Studio\2022\Community\VC\Tools\MSVC\14.36.32532\include\utility(41,6): message : or       'const _Ty &std::max(const _Ty &,const _Ty &) noexcept(<expr>)'
C:\Program Files\Microsoft Visual Studio\2022\Community\VC\Tools\MSVC\14.36.32532\include\utility(31,33): message : or       'const _Ty &std::max(const _Ty &,const _Ty &,_Pr) noexcept(<expr>)'
E:\SP_Project-master\SP_Project-master\SP_Game\Source.cpp(24,72): message : 'const _Ty &std::max(const _Ty &,const _Ty &,_Pr) noexcept(<expr>)': expects 3 arguments - 2 provided
E:\SP_Project-master\SP_Project-master\SP_Game\Source.cpp(28,38): error C2065: 'i': undeclared identifier
E:\SP_Project-master\SP_Project-master\SP_Game\Source.cpp(28): error C2597: illegal reference to non-static member 'ELARABY::pathFinder::Enemy'
E:\SP_Project-master\SP_Project-master\SP_Game\Source.cpp(28): error C3867: 'ELARABY::pathFinder::Enemy': non-standard syntax; use '&' to create a pointer to member
E:\SP_Project-master\SP_Project-master\SP_Game\Source.cpp(28): error C2568: '[': unable to resolve function overload
E:\SP_Project-master\SP_Project-master\SP_Game\Source.cpp(28,87): error C2065: 'i': undeclared identifier
E:\SP_Project-master\SP_Project-master\SP_Game\Source.cpp(28,72): error C2672: 'std::min': no matching overloaded function found
C:\Program Files\Microsoft Visual Studio\2022\Community\VC\Tools\MSVC\14.36.32532\include\utility(74,26): message : could be '_Ty std::min(std::initializer_list<_Elem>)'
E:\SP_Project-master\SP_Project-master\SP_Game\Source.cpp(28,72): message : '_Ty std::min(std::initializer_list<_Elem>)': expects 1 arguments - 2 provided
C:\Program Files\Microsoft Visual Studio\2022\Community\VC\Tools\MSVC\14.36.32532\include\utility(71,26): message : or       '_Ty std::min(std::initializer_list<_Elem>,_Pr)'
C:\Program Files\Microsoft Visual Studio\2022\Community\VC\Tools\MSVC\14.36.32532\include\utility(64,6): message : or       'const _Ty &std::min(const _Ty &,const _Ty &) noexcept(<expr>)'
C:\Program Files\Microsoft Visual Studio\2022\Community\VC\Tools\MSVC\14.36.32532\include\utility(54,33): message : or       'const _Ty &std::min(const _Ty &,const _Ty &,_Pr) noexcept(<expr>)'
E:\SP_Project-master\SP_Project-master\SP_Game\Source.cpp(28,72): message : 'const _Ty &std::min(const _Ty &,const _Ty &,_Pr) noexcept(<expr>)': expects 3 arguments - 2 provided
E:\SP_Project-master\SP_Project-master\SP_Game\Source.cpp(71,4): error C2065: 'path': undeclared identifier
E:\SP_Project-master\SP_Project-master\SP_Game\Source.cpp(72,4): error C2065: 'path': undeclared identifier
E:\SP_Project-master\SP_Project-master\SP_Game\Source.cpp(72,38): error C2065: 'path': undeclared identifier
E:\SP_Project-master\SP_Project-master\SP_Game\Source.cpp(88,13): error C2039: 'Enemy': is not a member of 'ELARABY::enemy'
E:\SP_Project-master\SP_Project-master\SP_Game\lib.h(237,9): message : see declaration of 'ELARABY::enemy'
E:\SP_Project-master\SP_Project-master\SP_Game\Source.cpp(89,13): error C2039: 'Enemy': is not a member of 'ELARABY::enemy'
E:\SP_Project-master\SP_Project-master\SP_Game\lib.h(237,9): message : see declaration of 'ELARABY::enemy'
E:\SP_Project-master\SP_Project-master\SP_Game\Source.cpp(93,19): error C2511: 'bool ELARABY::pathFinder::isItReached(sf::Sprite &,int,int)': overloaded member function not found in 'ELARABY::pathFinder'
E:\SP_Project-master\SP_Project-master\SP_Game\lib.h(242,9): message : see declaration of 'ELARABY::pathFinder'
E:\SP_Project-master\SP_Project-master\SP_Game\Source.cpp(97,11): error C2597: illegal reference to non-static member 'ELARABY::pathFinder::Enemy'
E:\SP_Project-master\SP_Project-master\SP_Game\Source.cpp(97,11): error C3867: 'ELARABY::pathFinder::Enemy': non-standard syntax; use '&' to create a pointer to member
E:\SP_Project-master\SP_Project-master\SP_Game\Source.cpp(97,11): error C2568: '[': unable to resolve function overload
E:\SP_Project-master\SP_Project-master\SP_Game\Source.cpp(120,3): error C2065: 'currentSpeed': undeclared identifier
E:\SP_Project-master\SP_Project-master\SP_Game\Source.cpp(121,14): error C2065: 'currentSpeed': undeclared identifier
E:\SP_Project-master\SP_Project-master\SP_Game\Source.cpp(130,8): error C2065: 'currentSpeed': undeclared identifier
E:\SP_Project-master\SP_Project-master\SP_Game\Source.cpp(130,33): error C2664: 'bool ELARABY::pathFinder::isItReached(sf::RectangleShape &,int,int)': cannot convert argument 1 from 'sf::Sprite' to 'sf::RectangleShape &'
E:\SP_Project-master\SP_Project-master\SP_Game\lib.h(255,8): message : see declaration of 'ELARABY::pathFinder::isItReached'
E:\SP_Project-master\SP_Project-master\SP_Game\Source.cpp(130,33): message : while trying to match the argument list '(sf::Sprite, int, size_t)'
E:\SP_Project-master\SP_Project-master\SP_Game\Source.cpp(133,5): error C2660: 'ELARABY::pathFinder::reset': function does not take 4 arguments
E:\SP_Project-master\SP_Project-master\SP_Game\Source.cpp(75,19): message : see declaration of 'ELARABY::pathFinder::reset'
E:\SP_Project-master\SP_Project-master\SP_Game\Source.cpp(133,5): message : while trying to match the argument list '(int, int, int, int)'
E:\SP_Project-master\SP_Project-master\SP_Game\Source.cpp(135,27): warning C4267: 'argument': conversion from 'size_t' to 'int', possible loss of data
E:\SP_Project-master\SP_Project-master\SP_Game\Source.cpp(145,58): warning C4267: 'argument': conversion from 'size_t' to 'int', possible loss of data
E:\SP_Project-master\SP_Project-master\SP_Game\Source.cpp(152,16): warning C4244: 'initializing': conversion from 'long double' to 'float', possible loss of data
E:\SP_Project-master\SP_Project-master\SP_Game\Source.cpp(163,59): warning C4267: 'argument': conversion from 'size_t' to 'int', possible loss of data
E:\SP_Project-master\SP_Project-master\SP_Game\Source.cpp(172,18): error C2065: 'currentSpeed': undeclared identifier
  Story.cpp
E:\SP_Project-master\SP_Project-master\SP_Game\character.h(8,60): warning C4305: 'initializing': truncation from 'double' to 'float'
E:\SP_Project-master\SP_Project-master\SP_Game\character.h(9,54): warning C4305: 'initializing': truncation from 'double' to 'float'
E:\SP_Project-master\SP_Project-master\SP_Game\character.h(13,19): warning C4244: 'initializing': conversion from 'double' to 'float', possible loss of data
E:\SP_Project-master\SP_Project-master\SP_Game\character.h(17,52): warning C4305: 'initializing': truncation from 'double' to 'float'
E:\SP_Project-master\SP_Project-master\SP_Game\character.h(36,26): warning C4305: 'argument': truncation from 'double' to 'T'
          with
          [
              T=float
          ]
E:\SP_Project-master\SP_Project-master\SP_Game\character.h(36,21): warning C4305: 'argument': truncation from 'double' to 'T'
          with
          [
              T=float
          ]
E:\SP_Project-master\SP_Project-master\SP_Game\character.h(46,32): warning C4244: 'initializing': conversion from 'T' to 'const int', possible loss of data
          with
          [
              T=float
          ]
E:\SP_Project-master\SP_Project-master\SP_Game\character.h(48,30): warning C4244: 'initializing': conversion from 'T' to 'const int', possible loss of data
          with
          [
              T=float
          ]
E:\SP_Project-master\SP_Project-master\SP_Game\character.h(50,28): warning C4244: 'initializing': conversion from 'T' to 'const int', possible loss of data
          with
          [
              T=float
          ]
E:\SP_Project-master\SP_Project-master\SP_Game\character.h(52,31): warning C4244: 'initializing': conversion from 'T' to 'const int', possible loss of data
          with
          [
              T=float
          ]
E:\SP_Project-master\SP_Project-master\SP_Game\character.h(54,26): warning C4244: 'initializing': conversion from 'T' to 'const int', possible loss of data
          with
          [
              T=float
          ]
E:\SP_Project-master\SP_Project-master\SP_Game\character.h(57,38): warning C4244: 'initializing': conversion from 'T' to 'int', possible loss of data
          with
          [
              T=float
          ]
E:\SP_Project-master\SP_Project-master\SP_Game\character.h(59,37): warning C4244: 'initializing': conversion from 'T' to 'int', possible loss of data
          with
          [
              T=float
          ]
E:\SP_Project-master\SP_Project-master\SP_Game\character.h(61,35): warning C4244: 'initializing': conversion from 'T' to 'int', possible loss of data
          with
          [
              T=float
          ]
E:\SP_Project-master\SP_Project-master\SP_Game\character.h(63,37): warning C4244: 'initializing': conversion from 'T' to 'int', possible loss of data
          with
          [
              T=float
          ]
E:\SP_Project-master\SP_Project-master\SP_Game\Enemies.h(8,19): warning C4305: 'initializing': truncation from 'double' to 'float'
E:\SP_Project-master\SP_Project-master\SP_Game\GameScenes.h(11,24): warning C4305: 'initializing': truncation from 'double' to 'float'
E:\SP_Project-master\SP_Project-master\SP_Game\GameScenes.h(12,28): warning C4305: 'initializing': truncation from 'double' to 'float'
E:\SP_Project-master\SP_Project-master\SP_Game\GameScenes.h(21,20): warning C4305: 'initializing': truncation from 'double' to 'float'
E:\SP_Project-master\SP_Project-master\SP_Game\DayAndNight.h(8,22): warning C4305: 'initializing': truncation from 'double' to 'float'
E:\SP_Project-master\SP_Project-master\SP_Game\DayAndNight.h(8,44): warning C4305: 'initializing': truncation from 'double' to 'float'
E:\SP_Project-master\SP_Project-master\SP_Game\Story.cpp(8,12): warning C4244: 'argument': conversion from 'time_t' to 'unsigned int', possible loss of data
E:\SP_Project-master\SP_Project-master\SP_Game\Story.cpp(86,72): warning C4244: 'argument': conversion from 'T' to 'float', possible loss of data
          with
          [
              T=unsigned int
          ]
E:\SP_Project-master\SP_Project-master\SP_Game\Story.cpp(86,47): warning C4244: 'argument': conversion from 'T' to 'float', possible loss of data
          with
          [
              T=unsigned int
          ]
E:\SP_Project-master\SP_Project-master\SP_Game\Story.cpp(99,112): warning C4244: 'argument': conversion from 'T' to 'T', possible loss of data
          with
          [
              T=float
          ]
          and
          [
              T=int
          ]
E:\SP_Project-master\SP_Project-master\SP_Game\Story.cpp(99,90): warning C4244: 'argument': conversion from 'T' to 'T', possible loss of data
          with
          [
              T=float
          ]
          and
          [
              T=int
          ]
E:\SP_Project-master\SP_Project-master\SP_Game\Story.cpp(193,23): warning C4305: '=': truncation from 'double' to 'float'
E:\SP_Project-master\SP_Project-master\SP_Game\Story.cpp(214,55): warning C4244: 'argument': conversion from 'T' to 'float', possible loss of data
          with
          [
              T=unsigned int
          ]
  application.cpp
E:\SP_Project-master\SP_Project-master\SP_Game\Map.h(2,10): warning C4067: unexpected tokens following preprocessor directive - expected a newline
E:\SP_Project-master\SP_Project-master\SP_Game\character.h(8,60): warning C4305: 'initializing': truncation from 'double' to 'float'
E:\SP_Project-master\SP_Project-master\SP_Game\character.h(9,54): warning C4305: 'initializing': truncation from 'double' to 'float'
E:\SP_Project-master\SP_Project-master\SP_Game\character.h(13,19): warning C4244: 'initializing': conversion from 'double' to 'float', possible loss of data
E:\SP_Project-master\SP_Project-master\SP_Game\character.h(17,52): warning C4305: 'initializing': truncation from 'double' to 'float'
E:\SP_Project-master\SP_Project-master\SP_Game\character.h(36,26): warning C4305: 'argument': truncation from 'double' to 'T'
          with
          [
              T=float
          ]
E:\SP_Project-master\SP_Project-master\SP_Game\character.h(36,21): warning C4305: 'argument': truncation from 'double' to 'T'
          with
          [
              T=float
          ]
E:\SP_Project-master\SP_Project-master\SP_Game\character.h(46,32): warning C4244: 'initializing': conversion from 'T' to 'const int', possible loss of data
          with
          [
              T=float
          ]
E:\SP_Project-master\SP_Project-master\SP_Game\character.h(48,30): warning C4244: 'initializing': conversion from 'T' to 'const int', possible loss of data
          with
          [
              T=float
          ]
E:\SP_Project-master\SP_Project-master\SP_Game\character.h(50,28): warning C4244: 'initializing': conversion from 'T' to 'const int', possible loss of data
          with
          [
              T=float
          ]
E:\SP_Project-master\SP_Project-master\SP_Game\character.h(52,31): warning C4244: 'initializing': conversion from 'T' to 'const int', possible loss of data
          with
          [
              T=float
          ]
E:\SP_Project-master\SP_Project-master\SP_Game\character.h(54,26): warning C4244: 'initializing': conversion from 'T' to 'const int', possible loss of data
          with
          [
              T=float
          ]
E:\SP_Project-master\SP_Project-master\SP_Game\character.h(57,38): warning C4244: 'initializing': conversion from 'T' to 'int', possible loss of data
          with
          [
              T=float
          ]
E:\SP_Project-master\SP_Project-master\SP_Game\character.h(59,37): warning C4244: 'initializing': conversion from 'T' to 'int', possible loss of data
          with
          [
              T=float
          ]
E:\SP_Project-master\SP_Project-master\SP_Game\character.h(61,35): warning C4244: 'initializing': conversion from 'T' to 'int', possible loss of data
          with
          [
              T=float
          ]
E:\SP_Project-master\SP_Project-master\SP_Game\character.h(63,37): warning C4244: 'initializing': conversion from 'T' to 'int', possible loss of data
          with
          [
              T=float
          ]
E:\SP_Project-master\SP_Project-master\SP_Game\Enemies.h(8,19): warning C4305: 'initializing': truncation from 'double' to 'float'
E:\SP_Project-master\SP_Project-master\SP_Game\GameScenes.h(11,24): warning C4305: 'initializing': truncation from 'double' to 'float'
E:\SP_Project-master\SP_Project-master\SP_Game\GameScenes.h(12,28): warning C4305: 'initializing': truncation from 'double' to 'float'
E:\SP_Project-master\SP_Project-master\SP_Game\GameScenes.h(21,20): warning C4305: 'initializing': truncation from 'double' to 'float'
E:\SP_Project-master\SP_Project-master\SP_Game\DayAndNight.h(8,22): warning C4305: 'initializing': truncation from 'double' to 'float'
E:\SP_Project-master\SP_Project-master\SP_Game\DayAndNight.h(8,44): warning C4305: 'initializing': truncation from 'double' to 'float'
E:\SP_Project-master\SP_Project-master\SP_Game\application.cpp(7,23): warning C4244: 'argument': conversion from 'double' to 'const float', possible loss of data
  lands.cpp
E:\SP_Project-master\SP_Project-master\SP_Game\lands.cpp(12,19): warning C4244: '=': conversion from 'int' to 'float', possible loss of data
E:\SP_Project-master\SP_Project-master\SP_Game\lands.cpp(19,22): warning C4244: 'argument': conversion from 'T' to 'int', possible loss of data
          with
          [
              T=float
          ]
E:\SP_Project-master\SP_Project-master\SP_Game\lands.cpp(22,26): warning C4244: 'argument': conversion from 'T' to 'int', possible loss of data
          with
          [
              T=float
          ]
E:\SP_Project-master\SP_Project-master\SP_Game\lands.cpp(31,29): warning C4244: 'argument': conversion from 'T' to 'int', possible loss of data
          with
          [
              T=float
          ]
E:\SP_Project-master\SP_Project-master\SP_Game\lands.cpp(34,33): warning C4244: 'argument': conversion from 'T' to 'int', possible loss of data
          with
          [
              T=float
          ]
E:\SP_Project-master\SP_Project-master\SP_Game\lands.cpp(37,17): warning C4267: 'argument': conversion from 'size_t' to 'int', possible loss of data
E:\SP_Project-master\SP_Project-master\SP_Game\lands.cpp(43,11): warning C4267: 'argument': conversion from 'size_t' to 'int', possible loss of data
E:\SP_Project-master\SP_Project-master\SP_Game\lands.cpp(78,51): warning C4244: 'argument': conversion from 'T' to 'int', possible loss of data
          with
          [
              T=float
          ]
E:\SP_Project-master\SP_Project-master\SP_Game\lands.cpp(78,40): warning C4244: 'argument': conversion from 'T' to 'int', possible loss of data
          with
          [
              T=float
          ]
E:\SP_Project-master\SP_Project-master\SP_Game\lands.cpp(97,19): warning C4267: 'argument': conversion from 'size_t' to 'int', possible loss of data
E:\SP_Project-master\SP_Project-master\SP_Game\lands.cpp(120,99): warning C4244: 'argument': conversion from 'int' to 'float', possible loss of data
E:\SP_Project-master\SP_Project-master\SP_Game\lands.cpp(120,78): warning C4244: 'argument': conversion from 'int' to 'float', possible loss of data
E:\SP_Project-master\SP_Project-master\SP_Game\lands.cpp(147,22): warning C4244: 'argument': conversion from 'T' to 'int', possible loss of data
          with
          [
              T=float
          ]
E:\SP_Project-master\SP_Project-master\SP_Game\lands.cpp(150,26): warning C4244: 'argument': conversion from 'T' to 'int', possible loss of data
          with
          [
              T=float
          ]
E:\SP_Project-master\SP_Project-master\SP_Game\lands.cpp(158,30): warning C4244: 'argument': conversion from 'T' to 'int', possible loss of data
          with
          [
              T=float
          ]
E:\SP_Project-master\SP_Project-master\SP_Game\lands.cpp(161,34): warning C4244: 'argument': conversion from 'T' to 'int', possible loss of data
          with
          [
              T=float
          ]
E:\SP_Project-master\SP_Project-master\SP_Game\lands.cpp(164,18): warning C4267: 'argument': conversion from 'size_t' to 'int', possible loss of data
E:\SP_Project-master\SP_Project-master\SP_Game\lands.cpp(167,52): warning C4244: 'argument': conversion from 'T' to 'int', possible loss of data
          with
          [
              T=float
          ]
E:\SP_Project-master\SP_Project-master\SP_Game\lands.cpp(167,41): warning C4244: 'argument': conversion from 'T' to 'int', possible loss of data
          with
          [
              T=float
          ]
E:\SP_Project-master\SP_Project-master\SP_Game\lands.cpp(171,35): warning C4244: 'argument': conversion from 'int' to 'float', possible loss of data
E:\SP_Project-master\SP_Project-master\SP_Game\lands.cpp(171,29): warning C4244: 'argument': conversion from 'int' to 'float', possible loss of data
C:\Program Files\Microsoft Visual Studio\2022\Community\VC\Tools\MSVC\14.36.32532\include\utility(247,16): warning C4267: 'initializing': conversion from 'size_t' to '_Ty1', possible loss of data
          with
          [
              _Ty1=int
          ]
E:\SP_Project-master\SP_Project-master\SP_Game\lands.cpp(99,21): message : see reference to function template instantiation 'std::pair<int,int>::pair<size_t&,int&,0>(_Other1,_Other2) noexcept' being compiled
          with
          [
              _Other1=size_t &,
              _Other2=int &
          ]
E:\SP_Project-master\SP_Project-master\SP_Game\lands.cpp(99,20): message : see the first reference to 'std::pair<int,int>::pair' in 'lands::emptyChecker'
  main.cpp
E:\SP_Project-master\SP_Project-master\SP_Game\Map.h(2,10): warning C4067: unexpected tokens following preprocessor directive - expected a newline
E:\SP_Project-master\SP_Project-master\SP_Game\character.h(8,60): warning C4305: 'initializing': truncation from 'double' to 'float'
E:\SP_Project-master\SP_Project-master\SP_Game\character.h(9,54): warning C4305: 'initializing': truncation from 'double' to 'float'
E:\SP_Project-master\SP_Project-master\SP_Game\character.h(13,19): warning C4244: 'initializing': conversion from 'double' to 'float', possible loss of data
E:\SP_Project-master\SP_Project-master\SP_Game\character.h(17,52): warning C4305: 'initializing': truncation from 'double' to 'float'
E:\SP_Project-master\SP_Project-master\SP_Game\character.h(36,26): warning C4305: 'argument': truncation from 'double' to 'T'
          with
          [
              T=float
          ]
E:\SP_Project-master\SP_Project-master\SP_Game\character.h(36,21): warning C4305: 'argument': truncation from 'double' to 'T'
          with
          [
              T=float
          ]
E:\SP_Project-master\SP_Project-master\SP_Game\character.h(46,32): warning C4244: 'initializing': conversion from 'T' to 'const int', possible loss of data
          with
          [
              T=float
          ]
E:\SP_Project-master\SP_Project-master\SP_Game\character.h(48,30): warning C4244: 'initializing': conversion from 'T' to 'const int', possible loss of data
          with
          [
              T=float
          ]
E:\SP_Project-master\SP_Project-master\SP_Game\character.h(50,28): warning C4244: 'initializing': conversion from 'T' to 'const int', possible loss of data
          with
          [
              T=float
          ]
E:\SP_Project-master\SP_Project-master\SP_Game\character.h(52,31): warning C4244: 'initializing': conversion from 'T' to 'const int', possible loss of data
          with
          [
              T=float
          ]
E:\SP_Project-master\SP_Project-master\SP_Game\character.h(54,26): warning C4244: 'initializing': conversion from 'T' to 'const int', possible loss of data
          with
          [
              T=float
          ]
E:\SP_Project-master\SP_Project-master\SP_Game\character.h(57,38): warning C4244: 'initializing': conversion from 'T' to 'int', possible loss of data
          with
          [
              T=float
          ]
E:\SP_Project-master\SP_Project-master\SP_Game\character.h(59,37): warning C4244: 'initializing': conversion from 'T' to 'int', possible loss of data
          with
          [
              T=float
          ]
E:\SP_Project-master\SP_Project-master\SP_Game\character.h(61,35): warning C4244: 'initializing': conversion from 'T' to 'int', possible loss of data
          with
          [
              T=float
          ]
E:\SP_Project-master\SP_Project-master\SP_Game\character.h(63,37): warning C4244: 'initializing': conversion from 'T' to 'int', possible loss of data
          with
          [
              T=float
          ]
E:\SP_Project-master\SP_Project-master\SP_Game\Enemies.h(8,19): warning C4305: 'initializing': truncation from 'double' to 'float'
E:\SP_Project-master\SP_Project-master\SP_Game\GameScenes.h(11,24): warning C4305: 'initializing': truncation from 'double' to 'float'
E:\SP_Project-master\SP_Project-master\SP_Game\GameScenes.h(12,28): warning C4305: 'initializing': truncation from 'double' to 'float'
E:\SP_Project-master\SP_Project-master\SP_Game\GameScenes.h(21,20): warning C4305: 'initializing': truncation from 'double' to 'float'
E:\SP_Project-master\SP_Project-master\SP_Game\DayAndNight.h(8,22): warning C4305: 'initializing': truncation from 'double' to 'float'
E:\SP_Project-master\SP_Project-master\SP_Game\DayAndNight.h(8,44): warning C4305: 'initializing': truncation from 'double' to 'float'
E:\SP_Project-master\SP_Project-master\SP_Game\main.cpp(19,34): warning C4305: 'initializing': truncation from 'double' to 'float'
E:\SP_Project-master\SP_Project-master\SP_Game\main.cpp(39,13): warning C4244: 'return': conversion from 'float' to 'int', possible loss of data
E:\SP_Project-master\SP_Project-master\SP_Game\main.cpp(53,12): warning C4244: 'argument': conversion from 'time_t' to 'unsigned int', possible loss of data
E:\SP_Project-master\SP_Project-master\SP_Game\main.cpp(59,50): warning C4244: '=': conversion from 'float' to 'int', possible loss of data
  mainMenu.cpp
E:\SP_Project-master\SP_Project-master\SP_Game\Map.h(2,10): warning C4067: unexpected tokens following preprocessor directive - expected a newline
E:\SP_Project-master\SP_Project-master\SP_Game\character.h(8,60): warning C4305: 'initializing': truncation from 'double' to 'float'
E:\SP_Project-master\SP_Project-master\SP_Game\character.h(9,54): warning C4305: 'initializing': truncation from 'double' to 'float'
E:\SP_Project-master\SP_Project-master\SP_Game\character.h(13,19): warning C4244: 'initializing': conversion from 'double' to 'float', possible loss of data
E:\SP_Project-master\SP_Project-master\SP_Game\character.h(17,52): warning C4305: 'initializing': truncation from 'double' to 'float'
E:\SP_Project-master\SP_Project-master\SP_Game\character.h(36,26): warning C4305: 'argument': truncation from 'double' to 'T'
          with
          [
              T=float
          ]
E:\SP_Project-master\SP_Project-master\SP_Game\character.h(36,21): warning C4305: 'argument': truncation from 'double' to 'T'
          with
          [
              T=float
          ]
E:\SP_Project-master\SP_Project-master\SP_Game\character.h(46,32): warning C4244: 'initializing': conversion from 'T' to 'const int', possible loss of data
          with
          [
              T=float
          ]
E:\SP_Project-master\SP_Project-master\SP_Game\character.h(48,30): warning C4244: 'initializing': conversion from 'T' to 'const int', possible loss of data
          with
          [
              T=float
          ]
E:\SP_Project-master\SP_Project-master\SP_Game\character.h(50,28): warning C4244: 'initializing': conversion from 'T' to 'const int', possible loss of data
          with
          [
              T=float
          ]
E:\SP_Project-master\SP_Project-master\SP_Game\character.h(52,31): warning C4244: 'initializing': conversion from 'T' to 'const int', possible loss of data
          with
          [
              T=float
          ]
E:\SP_Project-master\SP_Project-master\SP_Game\character.h(54,26): warning C4244: 'initializing': conversion from 'T' to 'const int', possible loss of data
          with
          [
              T=float
          ]
E:\SP_Project-master\SP_Project-master\SP_Game\character.h(57,38): warning C4244: 'initializing': conversion from 'T' to 'int', possible loss of data
          with
          [
              T=float
          ]
E:\SP_Project-master\SP_Project-master\SP_Game\character.h(59,37): warning C4244: 'initializing': conversion from 'T' to 'int', possible loss of data
          with
          [
              T=float
          ]
E:\SP_Project-master\SP_Project-master\SP_Game\character.h(61,35): warning C4244: 'initializing': conversion from 'T' to 'int', possible loss of data
          with
          [
              T=float
          ]
E:\SP_Project-master\SP_Project-master\SP_Game\character.h(63,37): warning C4244: 'initializing': conversion from 'T' to 'int', possible loss of data
          with
          [
              T=float
          ]
E:\SP_Project-master\SP_Project-master\SP_Game\Enemies.h(8,19): warning C4305: 'initializing': truncation from 'double' to 'float'
E:\SP_Project-master\SP_Project-master\SP_Game\GameScenes.h(11,24): warning C4305: 'initializing': truncation from 'double' to 'float'
E:\SP_Project-master\SP_Project-master\SP_Game\GameScenes.h(12,28): warning C4305: 'initializing': truncation from 'double' to 'float'
E:\SP_Project-master\SP_Project-master\SP_Game\GameScenes.h(21,20): warning C4305: 'initializing': truncation from 'double' to 'float'
E:\SP_Project-master\SP_Project-master\SP_Game\DayAndNight.h(8,22): warning C4305: 'initializing': truncation from 'double' to 'float'
E:\SP_Project-master\SP_Project-master\SP_Game\DayAndNight.h(8,44): warning C4305: 'initializing': truncation from 'double' to 'float'
E:\SP_Project-master\SP_Project-master\SP_Game\mainMenu.cpp(5,74): warning C4244: 'argument': conversion from 'T' to 'T', possible loss of data
          with
          [
              T=unsigned int
          ]
          and
          [
              T=float
          ]
E:\SP_Project-master\SP_Project-master\SP_Game\mainMenu.cpp(5,52): warning C4244: 'argument': conversion from 'T' to 'T', possible loss of data
          with
          [
              T=unsigned int
          ]
          and
          [
              T=float
          ]
  map.cpp
E:\SP_Project-master\SP_Project-master\SP_Game\Map.h(2,10): warning C4067: unexpected tokens following preprocessor directive - expected a newline
E:\SP_Project-master\SP_Project-master\SP_Game\map.cpp(34,12): warning C4267: 'argument': conversion from 'size_t' to 'int', possible loss of data
E:\SP_Project-master\SP_Project-master\SP_Game\map.cpp(70,101): warning C4244: 'argument': conversion from 'float' to 'int', possible loss of data
E:\SP_Project-master\SP_Project-master\SP_Game\map.cpp(70,86): warning C4244: 'argument': conversion from 'float' to 'int', possible loss of data
E:\SP_Project-master\SP_Project-master\SP_Game\map.cpp(83,129): warning C4244: 'argument': conversion from 'double' to 'T', possible loss of data
          with
          [
              T=float
          ]
E:\SP_Project-master\SP_Project-master\SP_Game\map.cpp(83,103): warning C4244: 'argument': conversion from 'double' to 'T', possible loss of data
          with
          [
              T=float
          ]
E:\SP_Project-master\SP_Project-master\SP_Game\map.cpp(83,218): warning C4244: 'argument': conversion from 'double' to 'int', possible loss of data
E:\SP_Project-master\SP_Project-master\SP_Game\map.cpp(83,152): warning C4244: 'argument': conversion from 'double' to 'int', possible loss of data
E:\SP_Project-master\SP_Project-master\SP_Game\map.cpp(88,126): warning C4244: 'argument': conversion from 'double' to 'T', possible loss of data
          with
          [
              T=float
          ]
E:\SP_Project-master\SP_Project-master\SP_Game\map.cpp(88,103): warning C4244: 'argument': conversion from 'double' to 'T', possible loss of data
          with
          [
              T=float
          ]
E:\SP_Project-master\SP_Project-master\SP_Game\map.cpp(88,190): warning C4244: 'argument': conversion from 'double' to 'int', possible loss of data
E:\SP_Project-master\SP_Project-master\SP_Game\map.cpp(88,137): warning C4244: 'argument': conversion from 'float' to 'int', possible loss of data
E:\SP_Project-master\SP_Project-master\SP_Game\map.cpp(92,102): warning C4244: 'argument': conversion from 'float' to 'int', possible loss of data
E:\SP_Project-master\SP_Project-master\SP_Game\map.cpp(92,87): warning C4244: 'argument': conversion from 'float' to 'int', possible loss of data
E:\SP_Project-master\SP_Project-master\SP_Game\map.cpp(102,13): warning C4244: 'initializing': conversion from 'const _Ty' to 'float', possible loss of data
          with
          [
              _Ty=int
          ]
E:\SP_Project-master\SP_Project-master\SP_Game\map.cpp(102,89): warning C4244: 'initializing': conversion from 'const _Ty' to 'float', possible loss of data
          with
          [
              _Ty=int
          ]
E:\SP_Project-master\SP_Project-master\SP_Game\map.cpp(109,96): warning C4244: 'argument': conversion from 'float' to 'int', possible loss of data
E:\SP_Project-master\SP_Project-master\SP_Game\map.cpp(109,81): warning C4244: 'argument': conversion from 'float' to 'int', possible loss of data
E:\SP_Project-master\SP_Project-master\SP_Game\map.cpp(114,96): warning C4244: 'argument': conversion from 'float' to 'int', possible loss of data
E:\SP_Project-master\SP_Project-master\SP_Game\map.cpp(114,81): warning C4244: 'argument': conversion from 'float' to 'int', possible loss of data
E:\SP_Project-master\SP_Project-master\SP_Game\map.cpp(120,42): warning C4267: 'argument': conversion from 'size_t' to 'int', possible loss of data
E:\SP_Project-master\SP_Project-master\SP_Game\map.cpp(131,124): warning C4244: 'argument': conversion from 'double' to 'T', possible loss of data
          with
          [
              T=float
          ]
E:\SP_Project-master\SP_Project-master\SP_Game\map.cpp(131,98): warning C4244: 'argument': conversion from 'double' to 'T', possible loss of data
          with
          [
              T=float
          ]
E:\SP_Project-master\SP_Project-master\SP_Game\map.cpp(131,213): warning C4244: 'argument': conversion from 'double' to 'int', possible loss of data
E:\SP_Project-master\SP_Project-master\SP_Game\map.cpp(131,147): warning C4244: 'argument': conversion from 'double' to 'int', possible loss of data
E:\SP_Project-master\SP_Project-master\SP_Game\map.cpp(135,121): warning C4244: 'argument': conversion from 'double' to 'T', possible loss of data
          with
          [
              T=float
          ]
E:\SP_Project-master\SP_Project-master\SP_Game\map.cpp(135,98): warning C4244: 'argument': conversion from 'double' to 'T', possible loss of data
          with
          [
              T=float
          ]
E:\SP_Project-master\SP_Project-master\SP_Game\map.cpp(135,185): warning C4244: 'argument': conversion from 'double' to 'int', possible loss of data
E:\SP_Project-master\SP_Project-master\SP_Game\map.cpp(135,132): warning C4244: 'argument': conversion from 'float' to 'int', possible loss of data
E:\SP_Project-master\SP_Project-master\SP_Game\map.cpp(139,97): warning C4244: 'argument': conversion from 'float' to 'int', possible loss of data
E:\SP_Project-master\SP_Project-master\SP_Game\map.cpp(139,82): warning C4244: 'argument': conversion from 'float' to 'int', possible loss of data
  Generating Code...
