D:\VisualStudio\MSBuild\Microsoft\VC\v170\Microsoft.CppBuild.targets(531,5): warning MSB8028: The intermediate directory (x64\Debug\) contains files shared from another project (SP_Game.vcxproj).  This can lead to incorrect clean and rebuild behavior.
  GameManager.cpp
C:\Users\AnasElwkel\Documents\GitHub\siltara game\Project4\PressF.h(160,2): warning C4091: 'extern ': ignored on left of 'foodDetails' when no variable is declared
  (compiling source file 'GameManager.cpp')
  
C:\Users\AnasElwkel\Documents\GitHub\siltara game\Project4\PressF.h(167,2): warning C4091: 'extern ': ignored on left of 'foodStore' when no variable is declared
  (compiling source file 'GameManager.cpp')
  
C:\Users\AnasElwkel\Documents\GitHub\siltara game\Project4\PressF.h(175,2): warning C4091: 'extern ': ignored on left of 'weaponsDetails' when no variable is declared
  (compiling source file 'GameManager.cpp')
  
C:\Users\AnasElwkel\Documents\GitHub\siltara game\Project4\PressF.h(182,2): warning C4091: 'extern ': ignored on left of 'weaponStore' when no variable is declared
  (compiling source file 'GameManager.cpp')
  
C:\Users\AnasElwkel\Documents\GitHub\siltara game\Project4\PressF.h(192,2): warning C4091: 'extern ': ignored on left of 'blocks' when no variable is declared
  (compiling source file 'GameManager.cpp')
  
C:\Users\AnasElwkel\Documents\GitHub\siltara game\Project4\PressF.h(197,2): warning C4091: 'extern ': ignored on left of 'myWeapons' when no variable is declared
  (compiling source file 'GameManager.cpp')
  
C:\Users\AnasElwkel\Documents\GitHub\siltara game\Project4\GameScenes.h(11,24): warning C4305: 'initializing': truncation from 'double' to 'float'
  (compiling source file 'GameManager.cpp')
  
C:\Users\AnasElwkel\Documents\GitHub\siltara game\Project4\GameScenes.h(12,28): warning C4305: 'initializing': truncation from 'double' to 'float'
  (compiling source file 'GameManager.cpp')
  
C:\Users\AnasElwkel\Documents\GitHub\siltara game\Project4\GameScenes.h(22,20): warning C4305: 'initializing': truncation from 'double' to 'float'
  (compiling source file 'GameManager.cpp')
  
C:\Users\AnasElwkel\Documents\GitHub\siltara game\Project4\Settings.h(8,9): warning C4067: unexpected tokens following preprocessor directive - expected a newline
  (compiling source file 'GameManager.cpp')
  
C:\Users\AnasElwkel\Documents\GitHub\siltara game\Project4\GameManager.cpp(76,32): warning C4305: 'argument': truncation from 'double' to 'T'
C:\Users\AnasElwkel\Documents\GitHub\siltara game\Project4\GameManager.cpp(76,32): warning C4305:         with
C:\Users\AnasElwkel\Documents\GitHub\siltara game\Project4\GameManager.cpp(76,32): warning C4305:         [
C:\Users\AnasElwkel\Documents\GitHub\siltara game\Project4\GameManager.cpp(76,32): warning C4305:             T=float
C:\Users\AnasElwkel\Documents\GitHub\siltara game\Project4\GameManager.cpp(76,32): warning C4305:         ]
C:\Users\AnasElwkel\Documents\GitHub\siltara game\Project4\GameManager.cpp(76,23): warning C4305: 'argument': truncation from 'double' to 'T'
C:\Users\AnasElwkel\Documents\GitHub\siltara game\Project4\GameManager.cpp(76,23): warning C4305:         with
C:\Users\AnasElwkel\Documents\GitHub\siltara game\Project4\GameManager.cpp(76,23): warning C4305:         [
C:\Users\AnasElwkel\Documents\GitHub\siltara game\Project4\GameManager.cpp(76,23): warning C4305:             T=float
C:\Users\AnasElwkel\Documents\GitHub\siltara game\Project4\GameManager.cpp(76,23): warning C4305:         ]
C:\Users\AnasElwkel\Documents\GitHub\siltara game\Project4\GameManager.cpp(87,85): warning C4244: 'argument': conversion from 'float' to 'int', possible loss of data
C:\Users\AnasElwkel\Documents\GitHub\siltara game\Project4\GameManager.cpp(97,29): warning C4305: 'argument': truncation from 'double' to 'T'
C:\Users\AnasElwkel\Documents\GitHub\siltara game\Project4\GameManager.cpp(97,29): warning C4305:         with
C:\Users\AnasElwkel\Documents\GitHub\siltara game\Project4\GameManager.cpp(97,29): warning C4305:         [
C:\Users\AnasElwkel\Documents\GitHub\siltara game\Project4\GameManager.cpp(97,29): warning C4305:             T=float
C:\Users\AnasElwkel\Documents\GitHub\siltara game\Project4\GameManager.cpp(97,29): warning C4305:         ]
C:\Users\AnasElwkel\Documents\GitHub\siltara game\Project4\GameManager.cpp(97,21): warning C4305: 'argument': truncation from 'double' to 'T'
C:\Users\AnasElwkel\Documents\GitHub\siltara game\Project4\GameManager.cpp(97,21): warning C4305:         with
C:\Users\AnasElwkel\Documents\GitHub\siltara game\Project4\GameManager.cpp(97,21): warning C4305:         [
C:\Users\AnasElwkel\Documents\GitHub\siltara game\Project4\GameManager.cpp(97,21): warning C4305:             T=float
C:\Users\AnasElwkel\Documents\GitHub\siltara game\Project4\GameManager.cpp(97,21): warning C4305:         ]
C:\Users\AnasElwkel\Documents\GitHub\siltara game\Project4\GameManager.cpp(176,83): warning C4244: 'argument': conversion from 'double' to 'T', possible loss of data
C:\Users\AnasElwkel\Documents\GitHub\siltara game\Project4\GameManager.cpp(176,83): warning C4244:         with
C:\Users\AnasElwkel\Documents\GitHub\siltara game\Project4\GameManager.cpp(176,83): warning C4244:         [
C:\Users\AnasElwkel\Documents\GitHub\siltara game\Project4\GameManager.cpp(176,83): warning C4244:             T=float
C:\Users\AnasElwkel\Documents\GitHub\siltara game\Project4\GameManager.cpp(176,83): warning C4244:         ]
C:\Users\AnasElwkel\Documents\GitHub\siltara game\Project4\GameManager.cpp(176,56): warning C4244: 'argument': conversion from 'double' to 'T', possible loss of data
C:\Users\AnasElwkel\Documents\GitHub\siltara game\Project4\GameManager.cpp(176,56): warning C4244:         with
C:\Users\AnasElwkel\Documents\GitHub\siltara game\Project4\GameManager.cpp(176,56): warning C4244:         [
C:\Users\AnasElwkel\Documents\GitHub\siltara game\Project4\GameManager.cpp(176,56): warning C4244:             T=float
C:\Users\AnasElwkel\Documents\GitHub\siltara game\Project4\GameManager.cpp(176,56): warning C4244:         ]
C:\Users\AnasElwkel\Documents\GitHub\siltara game\Project4\GameManager.cpp(177,87): warning C4244: 'argument': conversion from 'double' to 'T', possible loss of data
C:\Users\AnasElwkel\Documents\GitHub\siltara game\Project4\GameManager.cpp(177,87): warning C4244:         with
C:\Users\AnasElwkel\Documents\GitHub\siltara game\Project4\GameManager.cpp(177,87): warning C4244:         [
C:\Users\AnasElwkel\Documents\GitHub\siltara game\Project4\GameManager.cpp(177,87): warning C4244:             T=float
C:\Users\AnasElwkel\Documents\GitHub\siltara game\Project4\GameManager.cpp(177,87): warning C4244:         ]
C:\Users\AnasElwkel\Documents\GitHub\siltara game\Project4\GameManager.cpp(177,60): warning C4244: 'argument': conversion from 'double' to 'T', possible loss of data
C:\Users\AnasElwkel\Documents\GitHub\siltara game\Project4\GameManager.cpp(177,60): warning C4244:         with
C:\Users\AnasElwkel\Documents\GitHub\siltara game\Project4\GameManager.cpp(177,60): warning C4244:         [
C:\Users\AnasElwkel\Documents\GitHub\siltara game\Project4\GameManager.cpp(177,60): warning C4244:             T=float
C:\Users\AnasElwkel\Documents\GitHub\siltara game\Project4\GameManager.cpp(177,60): warning C4244:         ]
C:\Users\AnasElwkel\Documents\GitHub\siltara game\Project4\GameManager.cpp(178,144): warning C4244: 'argument': conversion from 'double' to 'float', possible loss of data
C:\Users\AnasElwkel\Documents\GitHub\siltara game\Project4\GameManager.cpp(178,108): warning C4244: 'argument': conversion from 'double' to 'float', possible loss of data
C:\Users\AnasElwkel\Documents\GitHub\siltara game\Project4\GameManager.cpp(179,148): warning C4244: 'argument': conversion from 'double' to 'float', possible loss of data
C:\Users\AnasElwkel\Documents\GitHub\siltara game\Project4\GameManager.cpp(179,112): warning C4244: 'argument': conversion from 'double' to 'float', possible loss of data
C:\Users\AnasElwkel\Documents\GitHub\siltara game\Project4\GameManager.cpp(180,148): warning C4244: 'argument': conversion from 'double' to 'float', possible loss of data
C:\Users\AnasElwkel\Documents\GitHub\siltara game\Project4\GameManager.cpp(180,112): warning C4244: 'argument': conversion from 'double' to 'float', possible loss of data
C:\Users\AnasElwkel\Documents\GitHub\siltara game\Project4\GameManager.cpp(181,148): warning C4244: 'argument': conversion from 'double' to 'float', possible loss of data
C:\Users\AnasElwkel\Documents\GitHub\siltara game\Project4\GameManager.cpp(181,112): warning C4244: 'argument': conversion from 'double' to 'float', possible loss of data
C:\Users\AnasElwkel\Documents\GitHub\siltara game\Project4\GameManager.cpp(182,145): warning C4244: 'argument': conversion from 'double' to 'float', possible loss of data
C:\Users\AnasElwkel\Documents\GitHub\siltara game\Project4\GameManager.cpp(182,109): warning C4244: 'argument': conversion from 'double' to 'float', possible loss of data
C:\Users\AnasElwkel\Documents\GitHub\siltara game\Project4\GameManager.cpp(239,80): warning C4244: 'argument': conversion from 'T' to 'float', possible loss of data
C:\Users\AnasElwkel\Documents\GitHub\siltara game\Project4\GameManager.cpp(239,80): warning C4244:         with
C:\Users\AnasElwkel\Documents\GitHub\siltara game\Project4\GameManager.cpp(239,80): warning C4244:         [
C:\Users\AnasElwkel\Documents\GitHub\siltara game\Project4\GameManager.cpp(239,80): warning C4244:             T=unsigned int
C:\Users\AnasElwkel\Documents\GitHub\siltara game\Project4\GameManager.cpp(239,80): warning C4244:         ]
C:\Users\AnasElwkel\Documents\GitHub\siltara game\Project4\GameManager.cpp(239,55): warning C4244: 'argument': conversion from 'T' to 'float', possible loss of data
C:\Users\AnasElwkel\Documents\GitHub\siltara game\Project4\GameManager.cpp(239,55): warning C4244:         with
C:\Users\AnasElwkel\Documents\GitHub\siltara game\Project4\GameManager.cpp(239,55): warning C4244:         [
C:\Users\AnasElwkel\Documents\GitHub\siltara game\Project4\GameManager.cpp(239,55): warning C4244:             T=unsigned int
C:\Users\AnasElwkel\Documents\GitHub\siltara game\Project4\GameManager.cpp(239,55): warning C4244:         ]
C:\Users\AnasElwkel\Documents\GitHub\siltara game\Project4\GameManager.cpp(290,51): warning C4244: 'argument': conversion from 'int' to 'float', possible loss of data
C:\Users\AnasElwkel\Documents\GitHub\siltara game\Project4\GameManager.cpp(332,50): warning C4244: 'argument': conversion from 'int' to 'float', possible loss of data
C:\Users\AnasElwkel\Documents\GitHub\siltara game\Project4\GameManager.cpp(336,50): warning C4244: 'argument': conversion from 'int' to 'float', possible loss of data
C:\Users\AnasElwkel\Documents\GitHub\siltara game\Project4\GameManager.cpp(357,230): warning C4267: 'argument': conversion from 'size_t' to 'int', possible loss of data
C:\Users\AnasElwkel\Documents\GitHub\siltara game\Project4\GameManager.cpp(369,34): warning C4305: 'argument': truncation from 'double' to 'T'
C:\Users\AnasElwkel\Documents\GitHub\siltara game\Project4\GameManager.cpp(369,34): warning C4305:         with
C:\Users\AnasElwkel\Documents\GitHub\siltara game\Project4\GameManager.cpp(369,34): warning C4305:         [
C:\Users\AnasElwkel\Documents\GitHub\siltara game\Project4\GameManager.cpp(369,34): warning C4305:             T=float
C:\Users\AnasElwkel\Documents\GitHub\siltara game\Project4\GameManager.cpp(369,34): warning C4305:         ]
C:\Users\AnasElwkel\Documents\GitHub\siltara game\Project4\GameManager.cpp(369,25): warning C4305: 'argument': truncation from 'double' to 'T'
C:\Users\AnasElwkel\Documents\GitHub\siltara game\Project4\GameManager.cpp(369,25): warning C4305:         with
C:\Users\AnasElwkel\Documents\GitHub\siltara game\Project4\GameManager.cpp(369,25): warning C4305:         [
C:\Users\AnasElwkel\Documents\GitHub\siltara game\Project4\GameManager.cpp(369,25): warning C4305:             T=float
C:\Users\AnasElwkel\Documents\GitHub\siltara game\Project4\GameManager.cpp(369,25): warning C4305:         ]
C:\Users\AnasElwkel\Documents\GitHub\siltara game\Project4\GameManager.cpp(370,55): warning C4305: 'argument': truncation from 'double' to 'T'
C:\Users\AnasElwkel\Documents\GitHub\siltara game\Project4\GameManager.cpp(370,55): warning C4305:         with
C:\Users\AnasElwkel\Documents\GitHub\siltara game\Project4\GameManager.cpp(370,55): warning C4305:         [
C:\Users\AnasElwkel\Documents\GitHub\siltara game\Project4\GameManager.cpp(370,55): warning C4305:             T=float
C:\Users\AnasElwkel\Documents\GitHub\siltara game\Project4\GameManager.cpp(370,55): warning C4305:         ]
C:\Users\AnasElwkel\Documents\GitHub\siltara game\Project4\GameManager.cpp(370,44): warning C4305: 'argument': truncation from 'double' to 'T'
C:\Users\AnasElwkel\Documents\GitHub\siltara game\Project4\GameManager.cpp(370,44): warning C4305:         with
C:\Users\AnasElwkel\Documents\GitHub\siltara game\Project4\GameManager.cpp(370,44): warning C4305:         [
C:\Users\AnasElwkel\Documents\GitHub\siltara game\Project4\GameManager.cpp(370,44): warning C4305:             T=float
C:\Users\AnasElwkel\Documents\GitHub\siltara game\Project4\GameManager.cpp(370,44): warning C4305:         ]
C:\Users\AnasElwkel\Documents\GitHub\siltara game\Project4\GameManager.cpp(374,34): warning C4305: 'argument': truncation from 'double' to 'T'
C:\Users\AnasElwkel\Documents\GitHub\siltara game\Project4\GameManager.cpp(374,34): warning C4305:         with
C:\Users\AnasElwkel\Documents\GitHub\siltara game\Project4\GameManager.cpp(374,34): warning C4305:         [
C:\Users\AnasElwkel\Documents\GitHub\siltara game\Project4\GameManager.cpp(374,34): warning C4305:             T=float
C:\Users\AnasElwkel\Documents\GitHub\siltara game\Project4\GameManager.cpp(374,34): warning C4305:         ]
C:\Users\AnasElwkel\Documents\GitHub\siltara game\Project4\GameManager.cpp(374,25): warning C4305: 'argument': truncation from 'double' to 'T'
C:\Users\AnasElwkel\Documents\GitHub\siltara game\Project4\GameManager.cpp(374,25): warning C4305:         with
C:\Users\AnasElwkel\Documents\GitHub\siltara game\Project4\GameManager.cpp(374,25): warning C4305:         [
C:\Users\AnasElwkel\Documents\GitHub\siltara game\Project4\GameManager.cpp(374,25): warning C4305:             T=float
C:\Users\AnasElwkel\Documents\GitHub\siltara game\Project4\GameManager.cpp(374,25): warning C4305:         ]
C:\Users\AnasElwkel\Documents\GitHub\siltara game\Project4\GameManager.cpp(384,82): warning C4244: 'argument': conversion from 'T' to 'int', possible loss of data
C:\Users\AnasElwkel\Documents\GitHub\siltara game\Project4\GameManager.cpp(384,82): warning C4244:         with
C:\Users\AnasElwkel\Documents\GitHub\siltara game\Project4\GameManager.cpp(384,82): warning C4244:         [
C:\Users\AnasElwkel\Documents\GitHub\siltara game\Project4\GameManager.cpp(384,82): warning C4244:             T=float
C:\Users\AnasElwkel\Documents\GitHub\siltara game\Project4\GameManager.cpp(384,82): warning C4244:         ]
C:\Users\AnasElwkel\Documents\GitHub\siltara game\Project4\GameManager.cpp(384,40): warning C4244: 'argument': conversion from 'T' to 'int', possible loss of data
C:\Users\AnasElwkel\Documents\GitHub\siltara game\Project4\GameManager.cpp(384,40): warning C4244:         with
C:\Users\AnasElwkel\Documents\GitHub\siltara game\Project4\GameManager.cpp(384,40): warning C4244:         [
C:\Users\AnasElwkel\Documents\GitHub\siltara game\Project4\GameManager.cpp(384,40): warning C4244:             T=float
C:\Users\AnasElwkel\Documents\GitHub\siltara game\Project4\GameManager.cpp(384,40): warning C4244:         ]
C:\Users\AnasElwkel\Documents\GitHub\siltara game\Project4\GameManager.cpp(445,88): warning C4244: 'argument': conversion from 'float' to 'int', possible loss of data
C:\Users\AnasElwkel\Documents\GitHub\siltara game\Project4\GameManager.cpp(460,79): warning C4244: 'argument': conversion from 'T' to 'float', possible loss of data
C:\Users\AnasElwkel\Documents\GitHub\siltara game\Project4\GameManager.cpp(460,79): warning C4244:         with
C:\Users\AnasElwkel\Documents\GitHub\siltara game\Project4\GameManager.cpp(460,79): warning C4244:         [
C:\Users\AnasElwkel\Documents\GitHub\siltara game\Project4\GameManager.cpp(460,79): warning C4244:             T=unsigned int
C:\Users\AnasElwkel\Documents\GitHub\siltara game\Project4\GameManager.cpp(460,79): warning C4244:         ]
C:\Users\AnasElwkel\Documents\GitHub\siltara game\Project4\GameManager.cpp(460,54): warning C4244: 'argument': conversion from 'T' to 'float', possible loss of data
C:\Users\AnasElwkel\Documents\GitHub\siltara game\Project4\GameManager.cpp(460,54): warning C4244:         with
C:\Users\AnasElwkel\Documents\GitHub\siltara game\Project4\GameManager.cpp(460,54): warning C4244:         [
C:\Users\AnasElwkel\Documents\GitHub\siltara game\Project4\GameManager.cpp(460,54): warning C4244:             T=unsigned int
C:\Users\AnasElwkel\Documents\GitHub\siltara game\Project4\GameManager.cpp(460,54): warning C4244:         ]
C:\Users\AnasElwkel\Documents\GitHub\siltara game\Project4\GameManager.cpp(469,79): warning C4244: 'argument': conversion from 'T' to 'float', possible loss of data
C:\Users\AnasElwkel\Documents\GitHub\siltara game\Project4\GameManager.cpp(469,79): warning C4244:         with
C:\Users\AnasElwkel\Documents\GitHub\siltara game\Project4\GameManager.cpp(469,79): warning C4244:         [
C:\Users\AnasElwkel\Documents\GitHub\siltara game\Project4\GameManager.cpp(469,79): warning C4244:             T=unsigned int
C:\Users\AnasElwkel\Documents\GitHub\siltara game\Project4\GameManager.cpp(469,79): warning C4244:         ]
C:\Users\AnasElwkel\Documents\GitHub\siltara game\Project4\GameManager.cpp(469,54): warning C4244: 'argument': conversion from 'T' to 'float', possible loss of data
C:\Users\AnasElwkel\Documents\GitHub\siltara game\Project4\GameManager.cpp(469,54): warning C4244:         with
C:\Users\AnasElwkel\Documents\GitHub\siltara game\Project4\GameManager.cpp(469,54): warning C4244:         [
C:\Users\AnasElwkel\Documents\GitHub\siltara game\Project4\GameManager.cpp(469,54): warning C4244:             T=unsigned int
C:\Users\AnasElwkel\Documents\GitHub\siltara game\Project4\GameManager.cpp(469,54): warning C4244:         ]
  Project4.vcxproj -> C:\Users\AnasElwkel\Documents\GitHub\siltara game\x64\Debug\Project4.exe
  'pwsh.exe' is not recognized as an internal or external command,
  operable program or batch file.
