C:\Program Files\Microsoft Visual Studio\2022\Community\MSBuild\Microsoft\VC\v170\Microsoft.CppBuild.targets(531,5): warning MSB8028: The intermediate directory (x64\Debug\) contains files shared from another project (SP_Game.vcxproj).  This can lead to incorrect clean and rebuild behavior.
  map.cpp
E:\Project4\Project4\Map.h(2,10): warning C4067: unexpected tokens following preprocessor directive - expected a newline
E:\Project4\Project4\character.h(8,60): warning C4305: 'initializing': truncation from 'double' to 'float'
E:\Project4\Project4\character.h(9,54): warning C4305: 'initializing': truncation from 'double' to 'float'
E:\Project4\Project4\character.h(13,19): warning C4244: 'initializing': conversion from 'double' to 'float', possible loss of data
E:\Project4\Project4\character.h(17,52): warning C4305: 'initializing': truncation from 'double' to 'float'
E:\Project4\Project4\character.h(36,54): warning C4244: 'argument': conversion from 'double' to 'T', possible loss of data
          with
          [
              T=float
          ]
E:\Project4\Project4\character.h(36,24): warning C4244: 'argument': conversion from 'double' to 'T', possible loss of data
          with
          [
              T=float
          ]
E:\Project4\Project4\character.h(46,32): warning C4244: 'initializing': conversion from 'T' to 'const int', possible loss of data
          with
          [
              T=float
          ]
E:\Project4\Project4\character.h(48,30): warning C4244: 'initializing': conversion from 'T' to 'const int', possible loss of data
          with
          [
              T=float
          ]
E:\Project4\Project4\character.h(50,28): warning C4244: 'initializing': conversion from 'T' to 'const int', possible loss of data
          with
          [
              T=float
          ]
E:\Project4\Project4\character.h(52,31): warning C4244: 'initializing': conversion from 'T' to 'const int', possible loss of data
          with
          [
              T=float
          ]
E:\Project4\Project4\character.h(54,26): warning C4244: 'initializing': conversion from 'T' to 'const int', possible loss of data
          with
          [
              T=float
          ]
E:\Project4\Project4\character.h(57,38): warning C4244: 'initializing': conversion from 'T' to 'int', possible loss of data
          with
          [
              T=float
          ]
E:\Project4\Project4\character.h(59,37): warning C4244: 'initializing': conversion from 'T' to 'int', possible loss of data
          with
          [
              T=float
          ]
E:\Project4\Project4\character.h(61,35): warning C4244: 'initializing': conversion from 'T' to 'int', possible loss of data
          with
          [
              T=float
          ]
E:\Project4\Project4\character.h(63,37): warning C4244: 'initializing': conversion from 'T' to 'int', possible loss of data
          with
          [
              T=float
          ]
E:\Project4\Project4\Enemies.h(8,19): warning C4305: 'initializing': truncation from 'double' to 'float'
E:\Project4\Project4\map.cpp(37,12): warning C4267: 'argument': conversion from 'size_t' to 'int', possible loss of data
E:\Project4\Project4\map.cpp(73,101): warning C4244: 'argument': conversion from 'float' to 'int', possible loss of data
E:\Project4\Project4\map.cpp(73,86): warning C4244: 'argument': conversion from 'float' to 'int', possible loss of data
E:\Project4\Project4\map.cpp(86,129): warning C4244: 'argument': conversion from 'double' to 'T', possible loss of data
          with
          [
              T=float
          ]
E:\Project4\Project4\map.cpp(86,103): warning C4244: 'argument': conversion from 'double' to 'T', possible loss of data
          with
          [
              T=float
          ]
E:\Project4\Project4\map.cpp(86,218): warning C4244: 'argument': conversion from 'double' to 'int', possible loss of data
E:\Project4\Project4\map.cpp(86,152): warning C4244: 'argument': conversion from 'double' to 'int', possible loss of data
E:\Project4\Project4\map.cpp(91,126): warning C4244: 'argument': conversion from 'double' to 'T', possible loss of data
          with
          [
              T=float
          ]
E:\Project4\Project4\map.cpp(91,103): warning C4244: 'argument': conversion from 'double' to 'T', possible loss of data
          with
          [
              T=float
          ]
E:\Project4\Project4\map.cpp(91,190): warning C4244: 'argument': conversion from 'double' to 'int', possible loss of data
E:\Project4\Project4\map.cpp(91,137): warning C4244: 'argument': conversion from 'float' to 'int', possible loss of data
E:\Project4\Project4\map.cpp(95,128): warning C4244: 'argument': conversion from 'float' to 'int', possible loss of data
E:\Project4\Project4\map.cpp(95,113): warning C4244: 'argument': conversion from 'float' to 'int', possible loss of data
E:\Project4\Project4\map.cpp(99,141): warning C4244: 'argument': conversion from 'float' to 'int', possible loss of data
E:\Project4\Project4\map.cpp(99,115): warning C4244: 'argument': conversion from 'float' to 'int', possible loss of data
E:\Project4\Project4\map.cpp(103,144): warning C4244: 'argument': conversion from 'float' to 'int', possible loss of data
E:\Project4\Project4\map.cpp(103,118): warning C4244: 'argument': conversion from 'float' to 'int', possible loss of data
E:\Project4\Project4\map.cpp(107,102): warning C4244: 'argument': conversion from 'float' to 'int', possible loss of data
E:\Project4\Project4\map.cpp(107,87): warning C4244: 'argument': conversion from 'float' to 'int', possible loss of data
E:\Project4\Project4\map.cpp(117,13): warning C4244: 'initializing': conversion from 'const _Ty' to 'float', possible loss of data
          with
          [
              _Ty=int
          ]
E:\Project4\Project4\map.cpp(117,89): warning C4244: 'initializing': conversion from 'const _Ty' to 'float', possible loss of data
          with
          [
              _Ty=int
          ]
E:\Project4\Project4\map.cpp(124,96): warning C4244: 'argument': conversion from 'float' to 'int', possible loss of data
E:\Project4\Project4\map.cpp(124,81): warning C4244: 'argument': conversion from 'float' to 'int', possible loss of data
E:\Project4\Project4\map.cpp(129,96): warning C4244: 'argument': conversion from 'float' to 'int', possible loss of data
E:\Project4\Project4\map.cpp(129,81): warning C4244: 'argument': conversion from 'float' to 'int', possible loss of data
E:\Project4\Project4\map.cpp(135,42): warning C4267: 'argument': conversion from 'size_t' to 'int', possible loss of data
E:\Project4\Project4\map.cpp(146,124): warning C4244: 'argument': conversion from 'double' to 'T', possible loss of data
          with
          [
              T=float
          ]
E:\Project4\Project4\map.cpp(146,98): warning C4244: 'argument': conversion from 'double' to 'T', possible loss of data
          with
          [
              T=float
          ]
E:\Project4\Project4\map.cpp(146,213): warning C4244: 'argument': conversion from 'double' to 'int', possible loss of data
E:\Project4\Project4\map.cpp(146,147): warning C4244: 'argument': conversion from 'double' to 'int', possible loss of data
E:\Project4\Project4\map.cpp(150,121): warning C4244: 'argument': conversion from 'double' to 'T', possible loss of data
          with
          [
              T=float
          ]
E:\Project4\Project4\map.cpp(150,98): warning C4244: 'argument': conversion from 'double' to 'T', possible loss of data
          with
          [
              T=float
          ]
E:\Project4\Project4\map.cpp(150,185): warning C4244: 'argument': conversion from 'double' to 'int', possible loss of data
E:\Project4\Project4\map.cpp(150,132): warning C4244: 'argument': conversion from 'float' to 'int', possible loss of data
E:\Project4\Project4\map.cpp(154,97): warning C4244: 'argument': conversion from 'float' to 'int', possible loss of data
E:\Project4\Project4\map.cpp(154,82): warning C4244: 'argument': conversion from 'float' to 'int', possible loss of data
  Project4.vcxproj -> E:\Project4\x64\Debug\Project4.exe
  'pwsh.exe' is not recognized as an internal or external command,
  operable program or batch file.
